{"/Users/willdennis1/Desktop/fractal-projects/fwf-again/src/app/_layout.tsx": {"path":"/Users/willdennis1/Desktop/fractal-projects/fwf-again/src/app/_layout.tsx","statementMap":{"0":{"start":{"line":7,"column":4},"end":{"line":30,"column":6}},"1":{"start":{"line":16,"column":28},"end":{"line":21,"column":30}}},"fnMap":{"0":{"name":"RootLayout","decl":{"start":{"line":6,"column":24},"end":{"line":6,"column":34}},"loc":{"start":{"line":6,"column":37},"end":{"line":31,"column":1}},"line":6},"1":{"name":"(anonymous_1)","decl":{"start":{"line":15,"column":42},"end":{"line":15,"column":43}},"loc":{"start":{"line":16,"column":28},"end":{"line":21,"column":30}},"line":16}},"branchMap":{},"s":{"0":0,"1":0},"f":{"0":0,"1":0},"b":{}}
,"/Users/willdennis1/Desktop/fractal-projects/fwf-again/src/app/contacts-permission.tsx": {"path":"/Users/willdennis1/Desktop/fractal-projects/fwf-again/src/app/contacts-permission.tsx","statementMap":{"0":{"start":{"line":9,"column":19},"end":{"line":9,"column":22}},"1":{"start":{"line":18,"column":34},"end":{"line":18,"column":49}},"2":{"start":{"line":19,"column":36},"end":{"line":19,"column":47}},"3":{"start":{"line":21,"column":26},"end":{"line":98,"column":5}},"4":{"start":{"line":22,"column":8},"end":{"line":22,"column":25}},"5":{"start":{"line":23,"column":8},"end":{"line":23,"column":23}},"6":{"start":{"line":24,"column":27},"end":{"line":24,"column":67}},"7":{"start":{"line":25,"column":8},"end":{"line":96,"column":9}},"8":{"start":{"line":26,"column":29},"end":{"line":26,"column":126}},"9":{"start":{"line":27,"column":39},"end":{"line":27,"column":68}},"10":{"start":{"line":28,"column":12},"end":{"line":32,"column":13}},"11":{"start":{"line":29,"column":16},"end":{"line":29,"column":56}},"12":{"start":{"line":30,"column":16},"end":{"line":30,"column":34}},"13":{"start":{"line":31,"column":16},"end":{"line":31,"column":23}},"14":{"start":{"line":35,"column":47},"end":{"line":35,"column":66}},"15":{"start":{"line":36,"column":38},"end":{"line":40,"column":25}},"16":{"start":{"line":41,"column":12},"end":{"line":43,"column":13}},"17":{"start":{"line":42,"column":16},"end":{"line":42,"column":70}},"18":{"start":{"line":46,"column":39},"end":{"line":46,"column":41}},"19":{"start":{"line":47,"column":12},"end":{"line":70,"column":15}},"20":{"start":{"line":48,"column":16},"end":{"line":69,"column":19}},"21":{"start":{"line":49,"column":20},"end":{"line":68,"column":21}},"22":{"start":{"line":51,"column":35},"end":{"line":51,"column":39}},"23":{"start":{"line":52,"column":24},"end":{"line":60,"column":25}},"24":{"start":{"line":54,"column":48},"end":{"line":54,"column":102}},"25":{"start":{"line":55,"column":28},"end":{"line":57,"column":29}},"26":{"start":{"line":56,"column":32},"end":{"line":56,"column":58}},"27":{"start":{"line":61,"column":24},"end":{"line":67,"column":25}},"28":{"start":{"line":62,"column":28},"end":{"line":66,"column":31}},"29":{"start":{"line":72,"column":12},"end":{"line":72,"column":68}},"30":{"start":{"line":73,"column":12},"end":{"line":73,"column":62}},"31":{"start":{"line":76,"column":12},"end":{"line":76,"column":81}},"32":{"start":{"line":79,"column":12},"end":{"line":88,"column":13}},"33":{"start":{"line":79,"column":25},"end":{"line":79,"column":26}},"34":{"start":{"line":80,"column":30},"end":{"line":80,"column":59}},"35":{"start":{"line":81,"column":34},"end":{"line":81,"column":84}},"36":{"start":{"line":82,"column":16},"end":{"line":82,"column":95}},"37":{"start":{"line":83,"column":16},"end":{"line":87,"column":17}},"38":{"start":{"line":84,"column":20},"end":{"line":84,"column":81}},"39":{"start":{"line":85,"column":20},"end":{"line":85,"column":38}},"40":{"start":{"line":86,"column":20},"end":{"line":86,"column":27}},"41":{"start":{"line":91,"column":12},"end":{"line":91,"column":127}},"42":{"start":{"line":93,"column":12},"end":{"line":93,"column":51}},"43":{"start":{"line":95,"column":12},"end":{"line":95,"column":95}},"44":{"start":{"line":97,"column":8},"end":{"line":97,"column":26}},"45":{"start":{"line":100,"column":4},"end":{"line":114,"column":6}},"46":{"start":{"line":117,"column":15},"end":{"line":160,"column":2}}},"fnMap":{"0":{"name":"ContactsPermission","decl":{"start":{"line":17,"column":24},"end":{"line":17,"column":42}},"loc":{"start":{"line":17,"column":45},"end":{"line":115,"column":1}},"line":17},"1":{"name":"(anonymous_1)","decl":{"start":{"line":21,"column":26},"end":{"line":21,"column":27}},"loc":{"start":{"line":21,"column":38},"end":{"line":98,"column":5}},"line":21},"2":{"name":"(anonymous_2)","decl":{"start":{"line":47,"column":25},"end":{"line":47,"column":26}},"loc":{"start":{"line":47,"column":36},"end":{"line":70,"column":13}},"line":47},"3":{"name":"(anonymous_3)","decl":{"start":{"line":48,"column":53},"end":{"line":48,"column":54}},"loc":{"start":{"line":48,"column":59},"end":{"line":69,"column":17}},"line":48}},"branchMap":{"0":{"loc":{"start":{"line":25,"column":8},"end":{"line":96,"column":9}},"type":"if","locations":[{"start":{"line":25,"column":8},"end":{"line":96,"column":9}},{"start":{"line":94,"column":15},"end":{"line":96,"column":9}}],"line":25},"1":{"loc":{"start":{"line":28,"column":12},"end":{"line":32,"column":13}},"type":"if","locations":[{"start":{"line":28,"column":12},"end":{"line":32,"column":13}},{"start":{},"end":{}}],"line":28},"2":{"loc":{"start":{"line":41,"column":12},"end":{"line":43,"column":13}},"type":"if","locations":[{"start":{"line":41,"column":12},"end":{"line":43,"column":13}},{"start":{},"end":{}}],"line":41},"3":{"loc":{"start":{"line":41,"column":16},"end":{"line":41,"column":47}},"type":"binary-expr","locations":[{"start":{"line":41,"column":16},"end":{"line":41,"column":23}},{"start":{"line":41,"column":27},"end":{"line":41,"column":47}}],"line":41},"4":{"loc":{"start":{"line":48,"column":17},"end":{"line":48,"column":43}},"type":"binary-expr","locations":[{"start":{"line":48,"column":17},"end":{"line":48,"column":37}},{"start":{"line":48,"column":41},"end":{"line":48,"column":43}}],"line":48},"5":{"loc":{"start":{"line":49,"column":20},"end":{"line":68,"column":21}},"type":"if","locations":[{"start":{"line":49,"column":20},"end":{"line":68,"column":21}},{"start":{},"end":{}}],"line":49},"6":{"loc":{"start":{"line":55,"column":28},"end":{"line":57,"column":29}},"type":"if","locations":[{"start":{"line":55,"column":28},"end":{"line":57,"column":29}},{"start":{},"end":{}}],"line":55},"7":{"loc":{"start":{"line":55,"column":32},"end":{"line":55,"column":68}},"type":"binary-expr","locations":[{"start":{"line":55,"column":32},"end":{"line":55,"column":43}},{"start":{"line":55,"column":47},"end":{"line":55,"column":68}}],"line":55},"8":{"loc":{"start":{"line":61,"column":24},"end":{"line":67,"column":25}},"type":"if","locations":[{"start":{"line":61,"column":24},"end":{"line":67,"column":25}},{"start":{},"end":{}}],"line":61},"9":{"loc":{"start":{"line":83,"column":16},"end":{"line":87,"column":17}},"type":"if","locations":[{"start":{"line":83,"column":16},"end":{"line":87,"column":17}},{"start":{},"end":{}}],"line":83},"10":{"loc":{"start":{"line":106,"column":39},"end":{"line":106,"column":66}},"type":"binary-expr","locations":[{"start":{"line":106,"column":39},"end":{"line":106,"column":46}},{"start":{"line":106,"column":50},"end":{"line":106,"column":66}}],"line":106},"11":{"loc":{"start":{"line":111,"column":49},"end":{"line":111,"column":98}},"type":"cond-expr","locations":[{"start":{"line":111,"column":59},"end":{"line":111,"column":86}},{"start":{"line":111,"column":89},"end":{"line":111,"column":98}}],"line":111}},"s":{"0":0,"1":0,"2":0,"3":0,"4":0,"5":0,"6":0,"7":0,"8":0,"9":0,"10":0,"11":0,"12":0,"13":0,"14":0,"15":0,"16":0,"17":0,"18":0,"19":0,"20":0,"21":0,"22":0,"23":0,"24":0,"25":0,"26":0,"27":0,"28":0,"29":0,"30":0,"31":0,"32":0,"33":0,"34":0,"35":0,"36":0,"37":0,"38":0,"39":0,"40":0,"41":0,"42":0,"43":0,"44":0,"45":0,"46":0},"f":{"0":0,"1":0,"2":0,"3":0},"b":{"0":[0,0],"1":[0,0],"2":[0,0],"3":[0,0],"4":[0,0],"5":[0,0],"6":[0,0],"7":[0,0],"8":[0,0],"9":[0,0],"10":[0,0],"11":[0,0]}}
,"/Users/willdennis1/Desktop/fractal-projects/fwf-again/src/app/home.tsx": {"path":"/Users/willdennis1/Desktop/fractal-projects/fwf-again/src/app/home.tsx","statementMap":{"0":{"start":{"line":34,"column":28},"end":{"line":34,"column":71}},"1":{"start":{"line":36,"column":27},"end":{"line":58,"column":1}},"2":{"start":{"line":37,"column":4},"end":{"line":57,"column":5}},"3":{"start":{"line":39,"column":12},"end":{"line":39,"column":42}},"4":{"start":{"line":41,"column":12},"end":{"line":41,"column":42}},"5":{"start":{"line":43,"column":12},"end":{"line":43,"column":42}},"6":{"start":{"line":45,"column":12},"end":{"line":45,"column":42}},"7":{"start":{"line":47,"column":12},"end":{"line":47,"column":42}},"8":{"start":{"line":49,"column":12},"end":{"line":49,"column":42}},"9":{"start":{"line":52,"column":12},"end":{"line":52,"column":42}},"10":{"start":{"line":54,"column":12},"end":{"line":54,"column":42}},"11":{"start":{"line":56,"column":12},"end":{"line":56,"column":42}},"12":{"start":{"line":60,"column":20},"end":{"line":68,"column":1}},"13":{"start":{"line":61,"column":4},"end":{"line":61,"column":48}},"14":{"start":{"line":61,"column":37},"end":{"line":61,"column":48}},"15":{"start":{"line":62,"column":4},"end":{"line":67,"column":21}},"16":{"start":{"line":64,"column":23},"end":{"line":64,"column":37}},"17":{"start":{"line":70,"column":15},"end":{"line":94,"column":1}},"18":{"start":{"line":71,"column":21},"end":{"line":71,"column":38}},"19":{"start":{"line":72,"column":28},"end":{"line":72,"column":67}},"20":{"start":{"line":74,"column":4},"end":{"line":93,"column":6}},"21":{"start":{"line":97,"column":4},"end":{"line":171,"column":5}},"22":{"start":{"line":99,"column":8},"end":{"line":128,"column":9}},"23":{"start":{"line":100,"column":29},"end":{"line":103,"column":14}},"24":{"start":{"line":105,"column":12},"end":{"line":122,"column":13}},"25":{"start":{"line":106,"column":30},"end":{"line":106,"column":41}},"26":{"start":{"line":107,"column":16},"end":{"line":107,"column":80}},"27":{"start":{"line":110,"column":16},"end":{"line":112,"column":17}},"28":{"start":{"line":111,"column":20},"end":{"line":111,"column":42}},"29":{"start":{"line":113,"column":16},"end":{"line":115,"column":17}},"30":{"start":{"line":114,"column":20},"end":{"line":114,"column":38}},"31":{"start":{"line":116,"column":16},"end":{"line":118,"column":17}},"32":{"start":{"line":117,"column":20},"end":{"line":117,"column":43}},"33":{"start":{"line":119,"column":16},"end":{"line":121,"column":17}},"34":{"start":{"line":120,"column":20},"end":{"line":120,"column":40}},"35":{"start":{"line":124,"column":12},"end":{"line":127,"column":14}},"36":{"start":{"line":131,"column":25},"end":{"line":133,"column":9}},"37":{"start":{"line":134,"column":21},"end":{"line":134,"column":42}},"38":{"start":{"line":136,"column":8},"end":{"line":166,"column":9}},"39":{"start":{"line":138,"column":12},"end":{"line":162,"column":13}},"40":{"start":{"line":140,"column":16},"end":{"line":142,"column":17}},"41":{"start":{"line":141,"column":20},"end":{"line":141,"column":51}},"42":{"start":{"line":145,"column":16},"end":{"line":161,"column":17}},"43":{"start":{"line":150,"column":20},"end":{"line":152,"column":21}},"44":{"start":{"line":151,"column":24},"end":{"line":151,"column":45}},"45":{"start":{"line":155,"column":20},"end":{"line":160,"column":21}},"46":{"start":{"line":159,"column":24},"end":{"line":159,"column":45}},"47":{"start":{"line":165,"column":12},"end":{"line":165,"column":32}},"48":{"start":{"line":167,"column":8},"end":{"line":167,"column":25}},"49":{"start":{"line":169,"column":8},"end":{"line":169,"column":58}},"50":{"start":{"line":170,"column":8},"end":{"line":170,"column":25}},"51":{"start":{"line":175,"column":4},"end":{"line":175,"column":48}},"52":{"start":{"line":175,"column":31},"end":{"line":175,"column":48}},"53":{"start":{"line":176,"column":4},"end":{"line":176,"column":49}},"54":{"start":{"line":176,"column":32},"end":{"line":176,"column":49}},"55":{"start":{"line":177,"column":4},"end":{"line":177,"column":50}},"56":{"start":{"line":177,"column":33},"end":{"line":177,"column":50}},"57":{"start":{"line":178,"column":4},"end":{"line":178,"column":21}},"58":{"start":{"line":181,"column":28},"end":{"line":181,"column":31}},"59":{"start":{"line":185,"column":4},"end":{"line":185,"column":62}},"60":{"start":{"line":185,"column":52},"end":{"line":185,"column":62}},"61":{"start":{"line":194,"column":8},"end":{"line":194,"column":10}},"62":{"start":{"line":196,"column":4},"end":{"line":261,"column":7}},"63":{"start":{"line":198,"column":8},"end":{"line":201,"column":9}},"64":{"start":{"line":199,"column":12},"end":{"line":199,"column":77}},"65":{"start":{"line":200,"column":12},"end":{"line":200,"column":19}},"66":{"start":{"line":207,"column":8},"end":{"line":260,"column":9}},"67":{"start":{"line":208,"column":12},"end":{"line":230,"column":13}},"68":{"start":{"line":210,"column":30},"end":{"line":210,"column":52}},"69":{"start":{"line":211,"column":16},"end":{"line":220,"column":17}},"70":{"start":{"line":212,"column":20},"end":{"line":212,"column":36}},"71":{"start":{"line":213,"column":20},"end":{"line":213,"column":64}},"72":{"start":{"line":215,"column":20},"end":{"line":218,"column":22}},"73":{"start":{"line":219,"column":20},"end":{"line":219,"column":27}},"74":{"start":{"line":221,"column":19},"end":{"line":230,"column":13}},"75":{"start":{"line":223,"column":32},"end":{"line":223,"column":56}},"76":{"start":{"line":224,"column":16},"end":{"line":224,"column":59}},"77":{"start":{"line":225,"column":16},"end":{"line":225,"column":42}},"78":{"start":{"line":228,"column":16},"end":{"line":228,"column":78}},"79":{"start":{"line":229,"column":16},"end":{"line":229,"column":23}},"80":{"start":{"line":232,"column":12},"end":{"line":248,"column":13}},"81":{"start":{"line":233,"column":16},"end":{"line":238,"column":18}},"82":{"start":{"line":240,"column":16},"end":{"line":243,"column":18}},"83":{"start":{"line":244,"column":16},"end":{"line":247,"column":18}},"84":{"start":{"line":250,"column":12},"end":{"line":252,"column":13}},"85":{"start":{"line":251,"column":16},"end":{"line":251,"column":64}},"86":{"start":{"line":254,"column":12},"end":{"line":258,"column":14}},"87":{"start":{"line":259,"column":12},"end":{"line":259,"column":19}},"88":{"start":{"line":264,"column":4},"end":{"line":264,"column":43}},"89":{"start":{"line":268,"column":34},"end":{"line":268,"column":53}},"90":{"start":{"line":269,"column":34},"end":{"line":269,"column":48}},"91":{"start":{"line":270,"column":30},"end":{"line":270,"column":59}},"92":{"start":{"line":271,"column":48},"end":{"line":271,"column":67}},"93":{"start":{"line":272,"column":40},"end":{"line":274,"column":5}},"94":{"start":{"line":275,"column":34},"end":{"line":275,"column":53}},"95":{"start":{"line":276,"column":36},"end":{"line":276,"column":51}},"96":{"start":{"line":277,"column":56},"end":{"line":277,"column":71}},"97":{"start":{"line":278,"column":25},"end":{"line":278,"column":42}},"98":{"start":{"line":279,"column":22},"end":{"line":279,"column":57}},"99":{"start":{"line":280,"column":36},"end":{"line":280,"column":55}},"100":{"start":{"line":281,"column":50},"end":{"line":281,"column":70}},"101":{"start":{"line":282,"column":50},"end":{"line":282,"column":65}},"102":{"start":{"line":283,"column":52},"end":{"line":283,"column":67}},"103":{"start":{"line":284,"column":52},"end":{"line":286,"column":5}},"104":{"start":{"line":287,"column":44},"end":{"line":287,"column":73}},"105":{"start":{"line":288,"column":46},"end":{"line":288,"column":65}},"106":{"start":{"line":289,"column":50},"end":{"line":289,"column":71}},"107":{"start":{"line":290,"column":46},"end":{"line":292,"column":5}},"108":{"start":{"line":293,"column":46},"end":{"line":293,"column":75}},"109":{"start":{"line":295,"column":8},"end":{"line":295,"column":35}},"110":{"start":{"line":296,"column":40},"end":{"line":296,"column":59}},"111":{"start":{"line":299,"column":28},"end":{"line":306,"column":18}},"112":{"start":{"line":300,"column":8},"end":{"line":305,"column":9}},"113":{"start":{"line":301,"column":12},"end":{"line":301,"column":48}},"114":{"start":{"line":303,"column":12},"end":{"line":303,"column":79}},"115":{"start":{"line":304,"column":12},"end":{"line":304,"column":22}},"116":{"start":{"line":309,"column":50},"end":{"line":311,"column":9}},"117":{"start":{"line":314,"column":32},"end":{"line":330,"column":5}},"118":{"start":{"line":315,"column":8},"end":{"line":315,"column":58}},"119":{"start":{"line":315,"column":51},"end":{"line":315,"column":58}},"120":{"start":{"line":316,"column":8},"end":{"line":316,"column":47}},"121":{"start":{"line":316,"column":40},"end":{"line":316,"column":47}},"122":{"start":{"line":317,"column":8},"end":{"line":329,"column":9}},"123":{"start":{"line":318,"column":24},"end":{"line":318,"column":165}},"124":{"start":{"line":319,"column":24},"end":{"line":319,"column":40}},"125":{"start":{"line":320,"column":25},"end":{"line":320,"column":41}},"126":{"start":{"line":321,"column":12},"end":{"line":326,"column":13}},"127":{"start":{"line":322,"column":16},"end":{"line":325,"column":20}},"128":{"start":{"line":322,"column":46},"end":{"line":325,"column":17}},"129":{"start":{"line":333,"column":25},"end":{"line":340,"column":5}},"130":{"start":{"line":334,"column":26},"end":{"line":334,"column":55}},"131":{"start":{"line":335,"column":8},"end":{"line":339,"column":9}},"132":{"start":{"line":336,"column":12},"end":{"line":336,"column":56}},"133":{"start":{"line":338,"column":12},"end":{"line":338,"column":37}},"134":{"start":{"line":343,"column":34},"end":{"line":488,"column":5}},"135":{"start":{"line":344,"column":8},"end":{"line":344,"column":36}},"136":{"start":{"line":345,"column":8},"end":{"line":487,"column":9}},"137":{"start":{"line":348,"column":16},"end":{"line":348,"column":45}},"138":{"start":{"line":349,"column":12},"end":{"line":353,"column":13}},"139":{"start":{"line":350,"column":16},"end":{"line":350,"column":56}},"140":{"start":{"line":351,"column":16},"end":{"line":351,"column":45}},"141":{"start":{"line":352,"column":16},"end":{"line":352,"column":23}},"142":{"start":{"line":356,"column":47},"end":{"line":356,"column":66}},"143":{"start":{"line":357,"column":38},"end":{"line":361,"column":25}},"144":{"start":{"line":362,"column":12},"end":{"line":364,"column":13}},"145":{"start":{"line":363,"column":16},"end":{"line":363,"column":70}},"146":{"start":{"line":368,"column":12},"end":{"line":384,"column":13}},"147":{"start":{"line":369,"column":39},"end":{"line":374,"column":18}},"148":{"start":{"line":375,"column":16},"end":{"line":375,"column":47}},"149":{"start":{"line":377,"column":16},"end":{"line":380,"column":18}},"150":{"start":{"line":381,"column":16},"end":{"line":381,"column":71}},"151":{"start":{"line":382,"column":16},"end":{"line":382,"column":45}},"152":{"start":{"line":383,"column":16},"end":{"line":383,"column":23}},"153":{"start":{"line":386,"column":12},"end":{"line":390,"column":13}},"154":{"start":{"line":387,"column":16},"end":{"line":387,"column":80}},"155":{"start":{"line":388,"column":16},"end":{"line":388,"column":45}},"156":{"start":{"line":389,"column":16},"end":{"line":389,"column":23}},"157":{"start":{"line":393,"column":32},"end":{"line":393,"column":34}},"158":{"start":{"line":394,"column":12},"end":{"line":419,"column":15}},"159":{"start":{"line":395,"column":16},"end":{"line":418,"column":19}},"160":{"start":{"line":396,"column":20},"end":{"line":417,"column":21}},"161":{"start":{"line":398,"column":35},"end":{"line":398,"column":39}},"162":{"start":{"line":399,"column":24},"end":{"line":409,"column":25}},"163":{"start":{"line":400,"column":48},"end":{"line":403,"column":29}},"164":{"start":{"line":404,"column":28},"end":{"line":406,"column":29}},"165":{"start":{"line":405,"column":32},"end":{"line":405,"column":58}},"166":{"start":{"line":410,"column":24},"end":{"line":416,"column":25}},"167":{"start":{"line":411,"column":28},"end":{"line":415,"column":31}},"168":{"start":{"line":421,"column":12},"end":{"line":423,"column":14}},"169":{"start":{"line":426,"column":12},"end":{"line":477,"column":13}},"170":{"start":{"line":427,"column":47},"end":{"line":430,"column":43}},"171":{"start":{"line":431,"column":16},"end":{"line":433,"column":17}},"172":{"start":{"line":432,"column":20},"end":{"line":432,"column":79}},"173":{"start":{"line":435,"column":35},"end":{"line":435,"column":38}},"174":{"start":{"line":436,"column":16},"end":{"line":450,"column":17}},"175":{"start":{"line":436,"column":29},"end":{"line":436,"column":30}},"176":{"start":{"line":437,"column":34},"end":{"line":437,"column":63}},"177":{"start":{"line":438,"column":38},"end":{"line":440,"column":38}},"178":{"start":{"line":441,"column":20},"end":{"line":449,"column":21}},"179":{"start":{"line":442,"column":24},"end":{"line":442,"column":68}},"180":{"start":{"line":443,"column":24},"end":{"line":446,"column":26}},"181":{"start":{"line":447,"column":24},"end":{"line":447,"column":53}},"182":{"start":{"line":448,"column":24},"end":{"line":448,"column":31}},"183":{"start":{"line":453,"column":16},"end":{"line":463,"column":17}},"184":{"start":{"line":454,"column":20},"end":{"line":457,"column":43}},"185":{"start":{"line":459,"column":20},"end":{"line":462,"column":22}},"186":{"start":{"line":465,"column":16},"end":{"line":465,"column":80}},"187":{"start":{"line":468,"column":16},"end":{"line":468,"column":41}},"188":{"start":{"line":470,"column":16},"end":{"line":470,"column":69}},"189":{"start":{"line":471,"column":16},"end":{"line":474,"column":18}},"190":{"start":{"line":475,"column":16},"end":{"line":475,"column":45}},"191":{"start":{"line":476,"column":16},"end":{"line":476,"column":23}},"192":{"start":{"line":479,"column":12},"end":{"line":482,"column":14}},"193":{"start":{"line":483,"column":12},"end":{"line":483,"column":60}},"194":{"start":{"line":485,"column":12},"end":{"line":485,"column":41}},"195":{"start":{"line":486,"column":12},"end":{"line":486,"column":31}},"196":{"start":{"line":490,"column":30},"end":{"line":581,"column":5}},"197":{"start":{"line":491,"column":8},"end":{"line":580,"column":9}},"198":{"start":{"line":492,"column":12},"end":{"line":492,"column":71}},"199":{"start":{"line":494,"column":54},"end":{"line":502,"column":39}},"200":{"start":{"line":504,"column":12},"end":{"line":510,"column":13}},"201":{"start":{"line":505,"column":16},"end":{"line":508,"column":18}},"202":{"start":{"line":509,"column":16},"end":{"line":509,"column":23}},"203":{"start":{"line":512,"column":12},"end":{"line":515,"column":13}},"204":{"start":{"line":513,"column":16},"end":{"line":513,"column":73}},"205":{"start":{"line":514,"column":16},"end":{"line":514,"column":23}},"206":{"start":{"line":517,"column":12},"end":{"line":519,"column":14}},"207":{"start":{"line":522,"column":35},"end":{"line":522,"column":59}},"208":{"start":{"line":523,"column":12},"end":{"line":529,"column":15}},"209":{"start":{"line":524,"column":38},"end":{"line":524,"column":59}},"210":{"start":{"line":525,"column":16},"end":{"line":527,"column":17}},"211":{"start":{"line":526,"column":20},"end":{"line":526,"column":58}},"212":{"start":{"line":528,"column":16},"end":{"line":528,"column":63}},"213":{"start":{"line":532,"column":12},"end":{"line":575,"column":13}},"214":{"start":{"line":534,"column":46},"end":{"line":538,"column":29}},"215":{"start":{"line":541,"column":20},"end":{"line":541,"column":61}},"216":{"start":{"line":544,"column":16},"end":{"line":574,"column":17}},"217":{"start":{"line":545,"column":34},"end":{"line":545,"column":52}},"218":{"start":{"line":546,"column":20},"end":{"line":546,"column":41}},"219":{"start":{"line":546,"column":32},"end":{"line":546,"column":41}},"220":{"start":{"line":549,"column":24},"end":{"line":553,"column":25}},"221":{"start":{"line":557,"column":24},"end":{"line":558,"column":57}},"222":{"start":{"line":561,"column":20},"end":{"line":573,"column":21}},"223":{"start":{"line":562,"column":24},"end":{"line":564,"column":26}},"224":{"start":{"line":567,"column":24},"end":{"line":572,"column":55}},"225":{"start":{"line":577,"column":12},"end":{"line":577,"column":68}},"226":{"start":{"line":579,"column":12},"end":{"line":579,"column":76}},"227":{"start":{"line":583,"column":31},"end":{"line":623,"column":5}},"228":{"start":{"line":584,"column":8},"end":{"line":622,"column":9}},"229":{"start":{"line":585,"column":12},"end":{"line":585,"column":74}},"230":{"start":{"line":586,"column":44},"end":{"line":596,"column":58}},"231":{"start":{"line":598,"column":12},"end":{"line":604,"column":13}},"232":{"start":{"line":599,"column":16},"end":{"line":602,"column":18}},"233":{"start":{"line":603,"column":16},"end":{"line":603,"column":26}},"234":{"start":{"line":606,"column":12},"end":{"line":608,"column":14}},"235":{"start":{"line":609,"column":12},"end":{"line":614,"column":13}},"236":{"start":{"line":610,"column":16},"end":{"line":613,"column":18}},"237":{"start":{"line":612,"column":38},"end":{"line":612,"column":42}},"238":{"start":{"line":615,"column":12},"end":{"line":615,"column":32}},"239":{"start":{"line":617,"column":12},"end":{"line":620,"column":14}},"240":{"start":{"line":621,"column":12},"end":{"line":621,"column":22}},"241":{"start":{"line":625,"column":39},"end":{"line":679,"column":5}},"242":{"start":{"line":626,"column":8},"end":{"line":678,"column":9}},"243":{"start":{"line":627,"column":12},"end":{"line":629,"column":14}},"244":{"start":{"line":631,"column":12},"end":{"line":634,"column":13}},"245":{"start":{"line":632,"column":16},"end":{"line":632,"column":80}},"246":{"start":{"line":633,"column":16},"end":{"line":633,"column":26}},"247":{"start":{"line":636,"column":47},"end":{"line":646,"column":58}},"248":{"start":{"line":648,"column":12},"end":{"line":651,"column":13}},"249":{"start":{"line":649,"column":16},"end":{"line":649,"column":79}},"250":{"start":{"line":650,"column":16},"end":{"line":650,"column":26}},"251":{"start":{"line":654,"column":56},"end":{"line":654,"column":58}},"252":{"start":{"line":655,"column":12},"end":{"line":661,"column":15}},"253":{"start":{"line":656,"column":38},"end":{"line":656,"column":59}},"254":{"start":{"line":657,"column":16},"end":{"line":659,"column":17}},"255":{"start":{"line":658,"column":20},"end":{"line":658,"column":53}},"256":{"start":{"line":660,"column":16},"end":{"line":660,"column":56}},"257":{"start":{"line":663,"column":12},"end":{"line":665,"column":14}},"258":{"start":{"line":668,"column":12},"end":{"line":672,"column":15}},"259":{"start":{"line":669,"column":16},"end":{"line":671,"column":18}},"260":{"start":{"line":674,"column":12},"end":{"line":674,"column":32}},"261":{"start":{"line":676,"column":12},"end":{"line":676,"column":79}},"262":{"start":{"line":677,"column":12},"end":{"line":677,"column":22}},"263":{"start":{"line":681,"column":33},"end":{"line":705,"column":5}},"264":{"start":{"line":682,"column":8},"end":{"line":704,"column":9}},"265":{"start":{"line":683,"column":12},"end":{"line":685,"column":14}},"266":{"start":{"line":686,"column":44},"end":{"line":689,"column":30}},"267":{"start":{"line":691,"column":12},"end":{"line":694,"column":13}},"268":{"start":{"line":692,"column":16},"end":{"line":692,"column":74}},"269":{"start":{"line":693,"column":16},"end":{"line":693,"column":23}},"270":{"start":{"line":696,"column":12},"end":{"line":701,"column":13}},"271":{"start":{"line":697,"column":16},"end":{"line":697,"column":43}},"272":{"start":{"line":698,"column":16},"end":{"line":700,"column":18}},"273":{"start":{"line":703,"column":12},"end":{"line":703,"column":70}},"274":{"start":{"line":707,"column":29},"end":{"line":812,"column":5}},"275":{"start":{"line":708,"column":8},"end":{"line":811,"column":9}},"276":{"start":{"line":709,"column":12},"end":{"line":711,"column":14}},"277":{"start":{"line":713,"column":12},"end":{"line":715,"column":13}},"278":{"start":{"line":714,"column":16},"end":{"line":714,"column":66}},"279":{"start":{"line":718,"column":24},"end":{"line":718,"column":174}},"280":{"start":{"line":720,"column":12},"end":{"line":720,"column":70}},"281":{"start":{"line":721,"column":29},"end":{"line":721,"column":45}},"282":{"start":{"line":722,"column":25},"end":{"line":722,"column":46}},"283":{"start":{"line":724,"column":12},"end":{"line":726,"column":13}},"284":{"start":{"line":725,"column":16},"end":{"line":725,"column":70}},"285":{"start":{"line":729,"column":12},"end":{"line":729,"column":63}},"286":{"start":{"line":730,"column":29},"end":{"line":730,"column":73}},"287":{"start":{"line":731,"column":12},"end":{"line":731,"column":62}},"288":{"start":{"line":734,"column":12},"end":{"line":745,"column":13}},"289":{"start":{"line":735,"column":36},"end":{"line":737,"column":17}},"290":{"start":{"line":738,"column":32},"end":{"line":738,"column":56}},"291":{"start":{"line":739,"column":16},"end":{"line":742,"column":18}},"292":{"start":{"line":744,"column":16},"end":{"line":744,"column":77}},"293":{"start":{"line":748,"column":35},"end":{"line":769,"column":13}},"294":{"start":{"line":773,"column":16},"end":{"line":795,"column":25}},"295":{"start":{"line":773,"column":62},"end":{"line":795,"column":17}},"296":{"start":{"line":797,"column":12},"end":{"line":799,"column":14}},"297":{"start":{"line":800,"column":12},"end":{"line":802,"column":14}},"298":{"start":{"line":804,"column":12},"end":{"line":807,"column":14}},"299":{"start":{"line":809,"column":12},"end":{"line":809,"column":77}},"300":{"start":{"line":810,"column":12},"end":{"line":810,"column":24}},"301":{"start":{"line":814,"column":35},"end":{"line":1164,"column":5}},"302":{"start":{"line":815,"column":8},"end":{"line":815,"column":71}},"303":{"start":{"line":816,"column":8},"end":{"line":816,"column":25}},"304":{"start":{"line":817,"column":8},"end":{"line":817,"column":23}},"305":{"start":{"line":818,"column":8},"end":{"line":1163,"column":9}},"306":{"start":{"line":819,"column":12},"end":{"line":819,"column":72}},"307":{"start":{"line":823,"column":16},"end":{"line":823,"column":48}},"308":{"start":{"line":824,"column":25},"end":{"line":824,"column":38}},"309":{"start":{"line":825,"column":12},"end":{"line":830,"column":13}},"310":{"start":{"line":826,"column":16},"end":{"line":826,"column":68}},"311":{"start":{"line":827,"column":16},"end":{"line":827,"column":44}},"312":{"start":{"line":828,"column":16},"end":{"line":828,"column":34}},"313":{"start":{"line":829,"column":16},"end":{"line":829,"column":23}},"314":{"start":{"line":831,"column":12},"end":{"line":831,"column":70}},"315":{"start":{"line":834,"column":12},"end":{"line":834,"column":75}},"316":{"start":{"line":835,"column":49},"end":{"line":835,"column":53}},"317":{"start":{"line":836,"column":50},"end":{"line":836,"column":54}},"318":{"start":{"line":838,"column":12},"end":{"line":890,"column":13}},"319":{"start":{"line":840,"column":16},"end":{"line":840,"column":77}},"320":{"start":{"line":842,"column":20},"end":{"line":842,"column":66}},"321":{"start":{"line":843,"column":16},"end":{"line":884,"column":17}},"322":{"start":{"line":844,"column":20},"end":{"line":844,"column":76}},"323":{"start":{"line":846,"column":37},"end":{"line":849,"column":22}},"324":{"start":{"line":851,"column":20},"end":{"line":851,"column":63}},"325":{"start":{"line":852,"column":20},"end":{"line":852,"column":65}},"326":{"start":{"line":854,"column":20},"end":{"line":856,"column":22}},"327":{"start":{"line":859,"column":20},"end":{"line":861,"column":22}},"328":{"start":{"line":862,"column":51},"end":{"line":868,"column":42}},"329":{"start":{"line":870,"column":20},"end":{"line":879,"column":21}},"330":{"start":{"line":871,"column":24},"end":{"line":874,"column":26}},"331":{"start":{"line":876,"column":24},"end":{"line":878,"column":26}},"332":{"start":{"line":881,"column":20},"end":{"line":883,"column":22}},"333":{"start":{"line":886,"column":16},"end":{"line":889,"column":18}},"334":{"start":{"line":893,"column":12},"end":{"line":893,"column":73}},"335":{"start":{"line":894,"column":59},"end":{"line":898,"column":25}},"336":{"start":{"line":900,"column":12},"end":{"line":905,"column":13}},"337":{"start":{"line":901,"column":16},"end":{"line":901,"column":74}},"338":{"start":{"line":902,"column":16},"end":{"line":902,"column":67}},"339":{"start":{"line":903,"column":16},"end":{"line":903,"column":34}},"340":{"start":{"line":904,"column":16},"end":{"line":904,"column":23}},"341":{"start":{"line":907,"column":12},"end":{"line":909,"column":14}},"342":{"start":{"line":912,"column":29},"end":{"line":912,"column":65}},"343":{"start":{"line":913,"column":30},"end":{"line":913,"column":68}},"344":{"start":{"line":915,"column":12},"end":{"line":920,"column":13}},"345":{"start":{"line":916,"column":16},"end":{"line":916,"column":73}},"346":{"start":{"line":917,"column":16},"end":{"line":917,"column":48}},"347":{"start":{"line":918,"column":16},"end":{"line":918,"column":34}},"348":{"start":{"line":919,"column":16},"end":{"line":919,"column":23}},"349":{"start":{"line":922,"column":12},"end":{"line":924,"column":14}},"350":{"start":{"line":926,"column":12},"end":{"line":926,"column":55}},"351":{"start":{"line":927,"column":12},"end":{"line":927,"column":47}},"352":{"start":{"line":930,"column":12},"end":{"line":932,"column":14}},"353":{"start":{"line":933,"column":28},"end":{"line":933,"column":30}},"354":{"start":{"line":934,"column":12},"end":{"line":946,"column":13}},"355":{"start":{"line":935,"column":33},"end":{"line":935,"column":62}},"356":{"start":{"line":936,"column":34},"end":{"line":936,"column":66}},"357":{"start":{"line":937,"column":16},"end":{"line":937,"column":43}},"358":{"start":{"line":938,"column":16},"end":{"line":940,"column":18}},"359":{"start":{"line":942,"column":16},"end":{"line":945,"column":18}},"360":{"start":{"line":947,"column":12},"end":{"line":947,"column":54}},"361":{"start":{"line":950,"column":12},"end":{"line":952,"column":14}},"362":{"start":{"line":954,"column":12},"end":{"line":1001,"column":13}},"363":{"start":{"line":955,"column":16},"end":{"line":955,"column":74}},"364":{"start":{"line":958,"column":16},"end":{"line":958,"column":48}},"365":{"start":{"line":961,"column":16},"end":{"line":961,"column":50}},"366":{"start":{"line":964,"column":16},"end":{"line":973,"column":18}},"367":{"start":{"line":975,"column":16},"end":{"line":977,"column":18}},"368":{"start":{"line":980,"column":16},"end":{"line":982,"column":18}},"369":{"start":{"line":983,"column":16},"end":{"line":991,"column":39}},"370":{"start":{"line":992,"column":16},"end":{"line":992,"column":71}},"371":{"start":{"line":994,"column":16},"end":{"line":997,"column":18}},"372":{"start":{"line":998,"column":16},"end":{"line":998,"column":58}},"373":{"start":{"line":999,"column":16},"end":{"line":999,"column":34}},"374":{"start":{"line":1000,"column":16},"end":{"line":1000,"column":23}},"375":{"start":{"line":1003,"column":12},"end":{"line":1003,"column":76}},"376":{"start":{"line":1004,"column":37},"end":{"line":1004,"column":39}},"377":{"start":{"line":1005,"column":23},"end":{"line":1005,"column":24}},"378":{"start":{"line":1006,"column":29},"end":{"line":1006,"column":33}},"379":{"start":{"line":1007,"column":12},"end":{"line":1031,"column":13}},"380":{"start":{"line":1008,"column":65},"end":{"line":1012,"column":53}},"381":{"start":{"line":1013,"column":16},"end":{"line":1021,"column":17}},"382":{"start":{"line":1014,"column":20},"end":{"line":1017,"column":22}},"383":{"start":{"line":1018,"column":20},"end":{"line":1018,"column":58}},"384":{"start":{"line":1019,"column":20},"end":{"line":1019,"column":38}},"385":{"start":{"line":1020,"column":20},"end":{"line":1020,"column":27}},"386":{"start":{"line":1022,"column":16},"end":{"line":1024,"column":17}},"387":{"start":{"line":1023,"column":20},"end":{"line":1023,"column":26}},"388":{"start":{"line":1025,"column":16},"end":{"line":1025,"column":59}},"389":{"start":{"line":1026,"column":16},"end":{"line":1026,"column":33}},"390":{"start":{"line":1028,"column":16},"end":{"line":1030,"column":17}},"391":{"start":{"line":1029,"column":20},"end":{"line":1029,"column":26}},"392":{"start":{"line":1032,"column":12},"end":{"line":1034,"column":14}},"393":{"start":{"line":1036,"column":12},"end":{"line":1038,"column":14}},"394":{"start":{"line":1039,"column":35},"end":{"line":1039,"column":60}},"395":{"start":{"line":1040,"column":12},"end":{"line":1043,"column":15}},"396":{"start":{"line":1042,"column":16},"end":{"line":1042,"column":80}},"397":{"start":{"line":1044,"column":34},"end":{"line":1046,"column":13}},"398":{"start":{"line":1045,"column":28},"end":{"line":1045,"column":43}},"399":{"start":{"line":1048,"column":33},"end":{"line":1048,"column":67}},"400":{"start":{"line":1049,"column":12},"end":{"line":1051,"column":14}},"401":{"start":{"line":1055,"column":38},"end":{"line":1055,"column":40}},"402":{"start":{"line":1056,"column":16},"end":{"line":1058,"column":17}},"403":{"start":{"line":1056,"column":29},"end":{"line":1056,"column":30}},"404":{"start":{"line":1057,"column":20},"end":{"line":1057,"column":58}},"405":{"start":{"line":1059,"column":16},"end":{"line":1059,"column":30}},"406":{"start":{"line":1061,"column":31},"end":{"line":1061,"column":34}},"407":{"start":{"line":1062,"column":32},"end":{"line":1062,"column":76}},"408":{"start":{"line":1063,"column":12},"end":{"line":1065,"column":14}},"409":{"start":{"line":1068,"column":12},"end":{"line":1068,"column":77}},"410":{"start":{"line":1069,"column":34},"end":{"line":1079,"column":13}},"411":{"start":{"line":1071,"column":20},"end":{"line":1077,"column":50}},"412":{"start":{"line":1077,"column":42},"end":{"line":1077,"column":48}},"413":{"start":{"line":1080,"column":36},"end":{"line":1080,"column":38}},"414":{"start":{"line":1081,"column":12},"end":{"line":1083,"column":13}},"415":{"start":{"line":1082,"column":16},"end":{"line":1082,"column":77}},"416":{"start":{"line":1082,"column":33},"end":{"line":1082,"column":77}},"417":{"start":{"line":1084,"column":12},"end":{"line":1086,"column":14}},"418":{"start":{"line":1088,"column":36},"end":{"line":1088,"column":78}},"419":{"start":{"line":1088,"column":61},"end":{"line":1088,"column":77}},"420":{"start":{"line":1089,"column":12},"end":{"line":1091,"column":14}},"421":{"start":{"line":1094,"column":12},"end":{"line":1096,"column":14}},"422":{"start":{"line":1097,"column":46},"end":{"line":1113,"column":13}},"423":{"start":{"line":1099,"column":40},"end":{"line":1099,"column":79}},"424":{"start":{"line":1100,"column":35},"end":{"line":1100,"column":44}},"425":{"start":{"line":1101,"column":20},"end":{"line":1106,"column":21}},"426":{"start":{"line":1102,"column":24},"end":{"line":1105,"column":26}},"427":{"start":{"line":1107,"column":20},"end":{"line":1111,"column":22}},"428":{"start":{"line":1114,"column":12},"end":{"line":1116,"column":14}},"429":{"start":{"line":1117,"column":12},"end":{"line":1117,"column":57}},"430":{"start":{"line":1120,"column":12},"end":{"line":1120,"column":75}},"431":{"start":{"line":1123,"column":12},"end":{"line":1125,"column":14}},"432":{"start":{"line":1126,"column":59},"end":{"line":1130,"column":41}},"433":{"start":{"line":1132,"column":12},"end":{"line":1138,"column":13}},"434":{"start":{"line":1133,"column":16},"end":{"line":1133,"column":74}},"435":{"start":{"line":1135,"column":16},"end":{"line":1137,"column":18}},"436":{"start":{"line":1141,"column":31},"end":{"line":1144,"column":13}},"437":{"start":{"line":1143,"column":61},"end":{"line":1143,"column":70}},"438":{"start":{"line":1145,"column":12},"end":{"line":1147,"column":14}},"439":{"start":{"line":1149,"column":31},"end":{"line":1149,"column":75}},"440":{"start":{"line":1151,"column":12},"end":{"line":1153,"column":14}},"441":{"start":{"line":1154,"column":12},"end":{"line":1154,"column":41}},"442":{"start":{"line":1156,"column":12},"end":{"line":1156,"column":67}},"443":{"start":{"line":1157,"column":12},"end":{"line":1159,"column":14}},"444":{"start":{"line":1161,"column":12},"end":{"line":1161,"column":67}},"445":{"start":{"line":1162,"column":12},"end":{"line":1162,"column":30}},"446":{"start":{"line":1166,"column":4},"end":{"line":1256,"column":11}},"447":{"start":{"line":1167,"column":8},"end":{"line":1167,"column":62}},"448":{"start":{"line":1170,"column":31},"end":{"line":1181,"column":9}},"449":{"start":{"line":1171,"column":12},"end":{"line":1171,"column":60}},"450":{"start":{"line":1174,"column":16},"end":{"line":1174,"column":45}},"451":{"start":{"line":1175,"column":12},"end":{"line":1180,"column":13}},"452":{"start":{"line":1176,"column":16},"end":{"line":1176,"column":64}},"453":{"start":{"line":1177,"column":16},"end":{"line":1177,"column":42}},"454":{"start":{"line":1179,"column":16},"end":{"line":1179,"column":67}},"455":{"start":{"line":1183,"column":30},"end":{"line":1192,"column":9}},"456":{"start":{"line":1184,"column":12},"end":{"line":1184,"column":35}},"457":{"start":{"line":1185,"column":12},"end":{"line":1185,"column":65}},"458":{"start":{"line":1186,"column":12},"end":{"line":1186,"column":41}},"459":{"start":{"line":1187,"column":12},"end":{"line":1187,"column":65}},"460":{"start":{"line":1188,"column":12},"end":{"line":1188,"column":43}},"461":{"start":{"line":1189,"column":12},"end":{"line":1189,"column":61}},"462":{"start":{"line":1190,"column":12},"end":{"line":1190,"column":38}},"463":{"start":{"line":1191,"column":12},"end":{"line":1191,"column":65}},"464":{"start":{"line":1194,"column":8},"end":{"line":1194,"column":24}},"465":{"start":{"line":1197,"column":8},"end":{"line":1197,"column":69}},"466":{"start":{"line":1198,"column":31},"end":{"line":1204,"column":9}},"467":{"start":{"line":1200,"column":16},"end":{"line":1200,"column":74}},"468":{"start":{"line":1201,"column":16},"end":{"line":1201,"column":36}},"469":{"start":{"line":1207,"column":8},"end":{"line":1207,"column":69}},"470":{"start":{"line":1208,"column":29},"end":{"line":1249,"column":24}},"471":{"start":{"line":1216,"column":24},"end":{"line":1220,"column":39}},"472":{"start":{"line":1222,"column":24},"end":{"line":1226,"column":39}},"473":{"start":{"line":1228,"column":24},"end":{"line":1228,"column":76}},"474":{"start":{"line":1229,"column":20},"end":{"line":1233,"column":31}},"475":{"start":{"line":1233,"column":24},"end":{"line":1233,"column":31}},"476":{"start":{"line":1234,"column":20},"end":{"line":1238,"column":22}},"477":{"start":{"line":1240,"column":42},"end":{"line":1242,"column":21}},"478":{"start":{"line":1243,"column":20},"end":{"line":1246,"column":24}},"479":{"start":{"line":1243,"column":48},"end":{"line":1246,"column":21}},"480":{"start":{"line":1251,"column":8},"end":{"line":1255,"column":10}},"481":{"start":{"line":1252,"column":12},"end":{"line":1252,"column":65}},"482":{"start":{"line":1253,"column":12},"end":{"line":1253,"column":42}},"483":{"start":{"line":1254,"column":12},"end":{"line":1254,"column":49}},"484":{"start":{"line":1260,"column":8},"end":{"line":1260,"column":36}},"485":{"start":{"line":1260,"column":23},"end":{"line":1260,"column":36}},"486":{"start":{"line":1261,"column":21},"end":{"line":1261,"column":36}},"487":{"start":{"line":1262,"column":19},"end":{"line":1262,"column":34}},"488":{"start":{"line":1263,"column":21},"end":{"line":1263,"column":45}},"489":{"start":{"line":1264,"column":8},"end":{"line":1264,"column":25}},"490":{"start":{"line":1265,"column":8},"end":{"line":1265,"column":34}},"491":{"start":{"line":1265,"column":24},"end":{"line":1265,"column":34}},"492":{"start":{"line":1266,"column":8},"end":{"line":1266,"column":32}},"493":{"start":{"line":1271,"column":8},"end":{"line":1271,"column":60}},"494":{"start":{"line":1271,"column":48},"end":{"line":1271,"column":60}},"495":{"start":{"line":1272,"column":8},"end":{"line":1351,"column":10}},"496":{"start":{"line":1299,"column":28},"end":{"line":1299,"column":57}},"497":{"start":{"line":1302,"column":41},"end":{"line":1304,"column":38}},"498":{"start":{"line":1305,"column":41},"end":{"line":1305,"column":64}},"499":{"start":{"line":1306,"column":44},"end":{"line":1308,"column":43}},"500":{"start":{"line":1309,"column":28},"end":{"line":1346,"column":30}},"501":{"start":{"line":1355,"column":24},"end":{"line":1355,"column":68}},"502":{"start":{"line":1358,"column":29},"end":{"line":1362,"column":5}},"503":{"start":{"line":1359,"column":8},"end":{"line":1359,"column":38}},"504":{"start":{"line":1360,"column":8},"end":{"line":1360,"column":33}},"505":{"start":{"line":1361,"column":8},"end":{"line":1361,"column":33}},"506":{"start":{"line":1363,"column":30},"end":{"line":1453,"column":5}},"507":{"start":{"line":1364,"column":8},"end":{"line":1368,"column":9}},"508":{"start":{"line":1365,"column":12},"end":{"line":1365,"column":77}},"509":{"start":{"line":1366,"column":12},"end":{"line":1366,"column":38}},"510":{"start":{"line":1367,"column":12},"end":{"line":1367,"column":19}},"511":{"start":{"line":1371,"column":8},"end":{"line":1371,"column":34}},"512":{"start":{"line":1372,"column":25},"end":{"line":1372,"column":41}},"513":{"start":{"line":1373,"column":24},"end":{"line":1373,"column":36}},"514":{"start":{"line":1374,"column":8},"end":{"line":1374,"column":34}},"515":{"start":{"line":1375,"column":8},"end":{"line":1375,"column":30}},"516":{"start":{"line":1377,"column":8},"end":{"line":1452,"column":9}},"517":{"start":{"line":1381,"column":16},"end":{"line":1381,"column":45}},"518":{"start":{"line":1382,"column":12},"end":{"line":1385,"column":13}},"519":{"start":{"line":1383,"column":16},"end":{"line":1383,"column":69}},"520":{"start":{"line":1384,"column":16},"end":{"line":1384,"column":23}},"521":{"start":{"line":1388,"column":59},"end":{"line":1393,"column":41}},"522":{"start":{"line":1394,"column":12},"end":{"line":1401,"column":13}},"523":{"start":{"line":1395,"column":16},"end":{"line":1398,"column":18}},"524":{"start":{"line":1399,"column":16},"end":{"line":1399,"column":71}},"525":{"start":{"line":1400,"column":16},"end":{"line":1400,"column":23}},"526":{"start":{"line":1402,"column":12},"end":{"line":1405,"column":13}},"527":{"start":{"line":1403,"column":16},"end":{"line":1403,"column":77}},"528":{"start":{"line":1404,"column":16},"end":{"line":1404,"column":23}},"529":{"start":{"line":1408,"column":12},"end":{"line":1410,"column":14}},"530":{"start":{"line":1411,"column":62},"end":{"line":1422,"column":25}},"531":{"start":{"line":1424,"column":12},"end":{"line":1431,"column":13}},"532":{"start":{"line":1425,"column":16},"end":{"line":1425,"column":70}},"533":{"start":{"line":1426,"column":16},"end":{"line":1429,"column":18}},"534":{"start":{"line":1430,"column":16},"end":{"line":1430,"column":23}},"535":{"start":{"line":1433,"column":12},"end":{"line":1433,"column":71}},"536":{"start":{"line":1437,"column":29},"end":{"line":1440,"column":13}},"537":{"start":{"line":1439,"column":51},"end":{"line":1439,"column":67}},"538":{"start":{"line":1442,"column":12},"end":{"line":1445,"column":16}},"539":{"start":{"line":1442,"column":40},"end":{"line":1445,"column":13}},"540":{"start":{"line":1450,"column":12},"end":{"line":1450,"column":72}},"541":{"start":{"line":1451,"column":12},"end":{"line":1451,"column":65}},"542":{"start":{"line":1454,"column":36},"end":{"line":1472,"column":5}},"543":{"start":{"line":1458,"column":26},"end":{"line":1458,"column":35}},"544":{"start":{"line":1459,"column":8},"end":{"line":1468,"column":9}},"545":{"start":{"line":1460,"column":45},"end":{"line":1464,"column":25}},"546":{"start":{"line":1465,"column":12},"end":{"line":1467,"column":13}},"547":{"start":{"line":1466,"column":16},"end":{"line":1466,"column":43}},"548":{"start":{"line":1469,"column":8},"end":{"line":1469,"column":44}},"549":{"start":{"line":1470,"column":8},"end":{"line":1470,"column":54}},"550":{"start":{"line":1471,"column":8},"end":{"line":1471,"column":34}},"551":{"start":{"line":1474,"column":36},"end":{"line":1477,"column":5}},"552":{"start":{"line":1475,"column":8},"end":{"line":1475,"column":35}},"553":{"start":{"line":1476,"column":8},"end":{"line":1476,"column":31}},"554":{"start":{"line":1479,"column":33},"end":{"line":1513,"column":5}},"555":{"start":{"line":1480,"column":8},"end":{"line":1480,"column":78}},"556":{"start":{"line":1483,"column":8},"end":{"line":1497,"column":9}},"557":{"start":{"line":1484,"column":12},"end":{"line":1496,"column":13}},"558":{"start":{"line":1485,"column":42},"end":{"line":1489,"column":29}},"559":{"start":{"line":1490,"column":16},"end":{"line":1493,"column":17}},"560":{"start":{"line":1491,"column":20},"end":{"line":1491,"column":55}},"561":{"start":{"line":1492,"column":20},"end":{"line":1492,"column":72}},"562":{"start":{"line":1495,"column":16},"end":{"line":1495,"column":70}},"563":{"start":{"line":1500,"column":8},"end":{"line":1512,"column":9}},"564":{"start":{"line":1501,"column":31},"end":{"line":1504,"column":13}},"565":{"start":{"line":1503,"column":50},"end":{"line":1503,"column":59}},"566":{"start":{"line":1505,"column":12},"end":{"line":1507,"column":14}},"567":{"start":{"line":1509,"column":31},"end":{"line":1509,"column":75}},"568":{"start":{"line":1510,"column":12},"end":{"line":1510,"column":41}},"569":{"start":{"line":1511,"column":12},"end":{"line":1511,"column":56}},"570":{"start":{"line":1515,"column":32},"end":{"line":1534,"column":5}},"571":{"start":{"line":1516,"column":8},"end":{"line":1516,"column":55}},"572":{"start":{"line":1517,"column":8},"end":{"line":1517,"column":34}},"573":{"start":{"line":1520,"column":8},"end":{"line":1531,"column":9}},"574":{"start":{"line":1521,"column":31},"end":{"line":1524,"column":13}},"575":{"start":{"line":1523,"column":50},"end":{"line":1523,"column":59}},"576":{"start":{"line":1525,"column":12},"end":{"line":1527,"column":14}},"577":{"start":{"line":1529,"column":31},"end":{"line":1529,"column":75}},"578":{"start":{"line":1530,"column":12},"end":{"line":1530,"column":41}},"579":{"start":{"line":1533,"column":8},"end":{"line":1533,"column":74}},"580":{"start":{"line":1536,"column":35},"end":{"line":1538,"column":5}},"581":{"start":{"line":1537,"column":8},"end":{"line":1537,"column":34}},"582":{"start":{"line":1540,"column":4},"end":{"line":1661,"column":6}},"583":{"start":{"line":1545,"column":24},"end":{"line":1552,"column":43}},"584":{"start":{"line":1546,"column":43},"end":{"line":1546,"column":60}},"585":{"start":{"line":1564,"column":24},"end":{"line":1564,"column":62}},"586":{"start":{"line":1576,"column":24},"end":{"line":1594,"column":25}},"587":{"start":{"line":1577,"column":28},"end":{"line":1593,"column":30}},"588":{"start":{"line":1597,"column":24},"end":{"line":1609,"column":25}},"589":{"start":{"line":1598,"column":28},"end":{"line":1608,"column":30}},"590":{"start":{"line":1601,"column":40},"end":{"line":1604,"column":43}},"591":{"start":{"line":1612,"column":24},"end":{"line":1622,"column":26}},"592":{"start":{"line":1635,"column":31},"end":{"line":1635,"column":49}}},"fnMap":{"0":{"name":"(anonymous_0)","decl":{"start":{"line":36,"column":27},"end":{"line":36,"column":28}},"loc":{"start":{"line":36,"column":57},"end":{"line":58,"column":1}},"line":36},"1":{"name":"(anonymous_1)","decl":{"start":{"line":60,"column":20},"end":{"line":60,"column":21}},"loc":{"start":{"line":60,"column":38},"end":{"line":68,"column":1}},"line":60},"2":{"name":"(anonymous_2)","decl":{"start":{"line":64,"column":13},"end":{"line":64,"column":14}},"loc":{"start":{"line":64,"column":23},"end":{"line":64,"column":37}},"line":64},"3":{"name":"(anonymous_3)","decl":{"start":{"line":70,"column":15},"end":{"line":70,"column":16}},"loc":{"start":{"line":70,"column":73},"end":{"line":94,"column":1}},"line":70},"4":{"name":"getCityFromCoords","decl":{"start":{"line":96,"column":15},"end":{"line":96,"column":32}},"loc":{"start":{"line":96,"column":76},"end":{"line":172,"column":1}},"line":96},"5":{"name":"getBackgroundColor","decl":{"start":{"line":174,"column":9},"end":{"line":174,"column":27}},"loc":{"start":{"line":174,"column":42},"end":{"line":179,"column":1}},"line":174},"6":{"name":"aggregateToFiveDay","decl":{"start":{"line":184,"column":9},"end":{"line":184,"column":27}},"loc":{"start":{"line":184,"column":56},"end":{"line":265,"column":1}},"line":184},"7":{"name":"(anonymous_7)","decl":{"start":{"line":196,"column":25},"end":{"line":196,"column":26}},"loc":{"start":{"line":196,"column":40},"end":{"line":261,"column":5}},"line":196},"8":{"name":"Home","decl":{"start":{"line":267,"column":24},"end":{"line":267,"column":28}},"loc":{"start":{"line":267,"column":31},"end":{"line":1662,"column":1}},"line":267},"9":{"name":"(anonymous_9)","decl":{"start":{"line":299,"column":36},"end":{"line":299,"column":37}},"loc":{"start":{"line":299,"column":42},"end":{"line":306,"column":5}},"line":299},"10":{"name":"(anonymous_10)","decl":{"start":{"line":314,"column":32},"end":{"line":314,"column":33}},"loc":{"start":{"line":314,"column":55},"end":{"line":330,"column":5}},"line":314},"11":{"name":"(anonymous_11)","decl":{"start":{"line":322,"column":35},"end":{"line":322,"column":36}},"loc":{"start":{"line":322,"column":46},"end":{"line":325,"column":17}},"line":322},"12":{"name":"(anonymous_12)","decl":{"start":{"line":333,"column":25},"end":{"line":333,"column":26}},"loc":{"start":{"line":333,"column":37},"end":{"line":340,"column":5}},"line":333},"13":{"name":"(anonymous_13)","decl":{"start":{"line":343,"column":34},"end":{"line":343,"column":35}},"loc":{"start":{"line":343,"column":46},"end":{"line":488,"column":5}},"line":343},"14":{"name":"(anonymous_14)","decl":{"start":{"line":394,"column":29},"end":{"line":394,"column":30}},"loc":{"start":{"line":394,"column":42},"end":{"line":419,"column":13}},"line":394},"15":{"name":"(anonymous_15)","decl":{"start":{"line":395,"column":53},"end":{"line":395,"column":54}},"loc":{"start":{"line":395,"column":61},"end":{"line":418,"column":17}},"line":395},"16":{"name":"(anonymous_16)","decl":{"start":{"line":490,"column":30},"end":{"line":490,"column":31}},"loc":{"start":{"line":490,"column":42},"end":{"line":581,"column":5}},"line":490},"17":{"name":"(anonymous_17)","decl":{"start":{"line":523,"column":37},"end":{"line":523,"column":38}},"loc":{"start":{"line":523,"column":48},"end":{"line":529,"column":13}},"line":523},"18":{"name":"(anonymous_18)","decl":{"start":{"line":583,"column":31},"end":{"line":583,"column":32}},"loc":{"start":{"line":583,"column":59},"end":{"line":623,"column":5}},"line":583},"19":{"name":"(anonymous_19)","decl":{"start":{"line":612,"column":31},"end":{"line":612,"column":32}},"loc":{"start":{"line":612,"column":38},"end":{"line":612,"column":42}},"line":612},"20":{"name":"(anonymous_20)","decl":{"start":{"line":625,"column":39},"end":{"line":625,"column":40}},"loc":{"start":{"line":625,"column":68},"end":{"line":679,"column":5}},"line":625},"21":{"name":"(anonymous_21)","decl":{"start":{"line":655,"column":31},"end":{"line":655,"column":32}},"loc":{"start":{"line":655,"column":42},"end":{"line":661,"column":13}},"line":655},"22":{"name":"(anonymous_22)","decl":{"start":{"line":668,"column":49},"end":{"line":668,"column":50}},"loc":{"start":{"line":668,"column":71},"end":{"line":672,"column":13}},"line":668},"23":{"name":"(anonymous_23)","decl":{"start":{"line":681,"column":33},"end":{"line":681,"column":34}},"loc":{"start":{"line":681,"column":45},"end":{"line":705,"column":5}},"line":681},"24":{"name":"(anonymous_24)","decl":{"start":{"line":707,"column":29},"end":{"line":707,"column":30}},"loc":{"start":{"line":707,"column":76},"end":{"line":812,"column":5}},"line":707},"25":{"name":"(anonymous_25)","decl":{"start":{"line":773,"column":46},"end":{"line":773,"column":47}},"loc":{"start":{"line":773,"column":62},"end":{"line":795,"column":17}},"line":773},"26":{"name":"(anonymous_26)","decl":{"start":{"line":814,"column":35},"end":{"line":814,"column":36}},"loc":{"start":{"line":814,"column":47},"end":{"line":1164,"column":5}},"line":814},"27":{"name":"(anonymous_27)","decl":{"start":{"line":1040,"column":32},"end":{"line":1040,"column":33}},"loc":{"start":{"line":1040,"column":50},"end":{"line":1043,"column":13}},"line":1040},"28":{"name":"(anonymous_28)","decl":{"start":{"line":1045,"column":16},"end":{"line":1045,"column":17}},"loc":{"start":{"line":1045,"column":28},"end":{"line":1045,"column":43}},"line":1045},"29":{"name":"chunkArray","decl":{"start":{"line":1054,"column":21},"end":{"line":1054,"column":31}},"loc":{"start":{"line":1054,"column":68},"end":{"line":1060,"column":13}},"line":1054},"30":{"name":"(anonymous_30)","decl":{"start":{"line":1070,"column":32},"end":{"line":1070,"column":33}},"loc":{"start":{"line":1070,"column":48},"end":{"line":1078,"column":17}},"line":1070},"31":{"name":"(anonymous_31)","decl":{"start":{"line":1077,"column":30},"end":{"line":1077,"column":31}},"loc":{"start":{"line":1077,"column":42},"end":{"line":1077,"column":48}},"line":1077},"32":{"name":"(anonymous_32)","decl":{"start":{"line":1088,"column":54},"end":{"line":1088,"column":55}},"loc":{"start":{"line":1088,"column":61},"end":{"line":1088,"column":77}},"line":1088},"33":{"name":"(anonymous_33)","decl":{"start":{"line":1098,"column":36},"end":{"line":1098,"column":37}},"loc":{"start":{"line":1098,"column":54},"end":{"line":1112,"column":17}},"line":1098},"34":{"name":"(anonymous_34)","decl":{"start":{"line":1143,"column":49},"end":{"line":1143,"column":50}},"loc":{"start":{"line":1143,"column":61},"end":{"line":1143,"column":70}},"line":1143},"35":{"name":"(anonymous_35)","decl":{"start":{"line":1166,"column":14},"end":{"line":1166,"column":15}},"loc":{"start":{"line":1166,"column":20},"end":{"line":1256,"column":5}},"line":1166},"36":{"name":"(anonymous_36)","decl":{"start":{"line":1170,"column":31},"end":{"line":1170,"column":32}},"loc":{"start":{"line":1170,"column":43},"end":{"line":1181,"column":9}},"line":1170},"37":{"name":"(anonymous_37)","decl":{"start":{"line":1183,"column":30},"end":{"line":1183,"column":31}},"loc":{"start":{"line":1183,"column":42},"end":{"line":1192,"column":9}},"line":1183},"38":{"name":"(anonymous_38)","decl":{"start":{"line":1199,"column":12},"end":{"line":1199,"column":13}},"loc":{"start":{"line":1199,"column":18},"end":{"line":1202,"column":13}},"line":1199},"39":{"name":"(anonymous_39)","decl":{"start":{"line":1213,"column":16},"end":{"line":1213,"column":17}},"loc":{"start":{"line":1213,"column":35},"end":{"line":1247,"column":17}},"line":1213},"40":{"name":"(anonymous_40)","decl":{"start":{"line":1243,"column":37},"end":{"line":1243,"column":38}},"loc":{"start":{"line":1243,"column":48},"end":{"line":1246,"column":21}},"line":1243},"41":{"name":"(anonymous_41)","decl":{"start":{"line":1251,"column":15},"end":{"line":1251,"column":16}},"loc":{"start":{"line":1251,"column":21},"end":{"line":1255,"column":9}},"line":1251},"42":{"name":"getHourLabel","decl":{"start":{"line":1259,"column":13},"end":{"line":1259,"column":25}},"loc":{"start":{"line":1259,"column":54},"end":{"line":1267,"column":5}},"line":1259},"43":{"name":"ForecastSection","decl":{"start":{"line":1270,"column":13},"end":{"line":1270,"column":28}},"loc":{"start":{"line":1270,"column":31},"end":{"line":1352,"column":5}},"line":1270},"44":{"name":"(anonymous_44)","decl":{"start":{"line":1298,"column":38},"end":{"line":1298,"column":39}},"loc":{"start":{"line":1299,"column":28},"end":{"line":1299,"column":57}},"line":1299},"45":{"name":"(anonymous_45)","decl":{"start":{"line":1301,"column":36},"end":{"line":1301,"column":37}},"loc":{"start":{"line":1301,"column":57},"end":{"line":1347,"column":25}},"line":1301},"46":{"name":"(anonymous_46)","decl":{"start":{"line":1358,"column":29},"end":{"line":1358,"column":30}},"loc":{"start":{"line":1358,"column":68},"end":{"line":1362,"column":5}},"line":1358},"47":{"name":"(anonymous_47)","decl":{"start":{"line":1363,"column":30},"end":{"line":1363,"column":31}},"loc":{"start":{"line":1363,"column":57},"end":{"line":1453,"column":5}},"line":1363},"48":{"name":"(anonymous_48)","decl":{"start":{"line":1439,"column":44},"end":{"line":1439,"column":45}},"loc":{"start":{"line":1439,"column":51},"end":{"line":1439,"column":67}},"line":1439},"49":{"name":"(anonymous_49)","decl":{"start":{"line":1442,"column":29},"end":{"line":1442,"column":30}},"loc":{"start":{"line":1442,"column":40},"end":{"line":1445,"column":13}},"line":1442},"50":{"name":"(anonymous_50)","decl":{"start":{"line":1454,"column":36},"end":{"line":1454,"column":37}},"loc":{"start":{"line":1457,"column":9},"end":{"line":1472,"column":5}},"line":1457},"51":{"name":"(anonymous_51)","decl":{"start":{"line":1474,"column":36},"end":{"line":1474,"column":37}},"loc":{"start":{"line":1474,"column":42},"end":{"line":1477,"column":5}},"line":1474},"52":{"name":"(anonymous_52)","decl":{"start":{"line":1479,"column":33},"end":{"line":1479,"column":34}},"loc":{"start":{"line":1479,"column":45},"end":{"line":1513,"column":5}},"line":1479},"53":{"name":"(anonymous_53)","decl":{"start":{"line":1503,"column":38},"end":{"line":1503,"column":39}},"loc":{"start":{"line":1503,"column":50},"end":{"line":1503,"column":59}},"line":1503},"54":{"name":"(anonymous_54)","decl":{"start":{"line":1515,"column":32},"end":{"line":1515,"column":33}},"loc":{"start":{"line":1515,"column":44},"end":{"line":1534,"column":5}},"line":1515},"55":{"name":"(anonymous_55)","decl":{"start":{"line":1523,"column":38},"end":{"line":1523,"column":39}},"loc":{"start":{"line":1523,"column":50},"end":{"line":1523,"column":59}},"line":1523},"56":{"name":"(anonymous_56)","decl":{"start":{"line":1536,"column":35},"end":{"line":1536,"column":36}},"loc":{"start":{"line":1536,"column":41},"end":{"line":1538,"column":5}},"line":1536},"57":{"name":"(anonymous_57)","decl":{"start":{"line":1544,"column":32},"end":{"line":1544,"column":33}},"loc":{"start":{"line":1545,"column":24},"end":{"line":1552,"column":43}},"line":1545},"58":{"name":"(anonymous_58)","decl":{"start":{"line":1546,"column":37},"end":{"line":1546,"column":38}},"loc":{"start":{"line":1546,"column":43},"end":{"line":1546,"column":60}},"line":1546},"59":{"name":"(anonymous_59)","decl":{"start":{"line":1563,"column":34},"end":{"line":1563,"column":35}},"loc":{"start":{"line":1564,"column":24},"end":{"line":1564,"column":62}},"line":1564},"60":{"name":"(anonymous_60)","decl":{"start":{"line":1574,"column":32},"end":{"line":1574,"column":33}},"loc":{"start":{"line":1574,"column":53},"end":{"line":1623,"column":21}},"line":1574},"61":{"name":"(anonymous_61)","decl":{"start":{"line":1600,"column":45},"end":{"line":1600,"column":46}},"loc":{"start":{"line":1600,"column":57},"end":{"line":1605,"column":37}},"line":1600},"62":{"name":"(anonymous_62)","decl":{"start":{"line":1635,"column":25},"end":{"line":1635,"column":26}},"loc":{"start":{"line":1635,"column":31},"end":{"line":1635,"column":49}},"line":1635}},"branchMap":{"0":{"loc":{"start":{"line":37,"column":4},"end":{"line":57,"column":5}},"type":"switch","locations":[{"start":{"line":38,"column":8},"end":{"line":39,"column":42}},{"start":{"line":40,"column":8},"end":{"line":41,"column":42}},{"start":{"line":42,"column":8},"end":{"line":43,"column":42}},{"start":{"line":44,"column":8},"end":{"line":45,"column":42}},{"start":{"line":46,"column":8},"end":{"line":47,"column":42}},{"start":{"line":48,"column":8},"end":{"line":49,"column":42}},{"start":{"line":50,"column":8},"end":{"line":50,"column":20}},{"start":{"line":51,"column":8},"end":{"line":52,"column":42}},{"start":{"line":53,"column":8},"end":{"line":54,"column":42}},{"start":{"line":55,"column":8},"end":{"line":56,"column":42}}],"line":37},"1":{"loc":{"start":{"line":61,"column":4},"end":{"line":61,"column":48}},"type":"if","locations":[{"start":{"line":61,"column":4},"end":{"line":61,"column":48}},{"start":{},"end":{}}],"line":61},"2":{"loc":{"start":{"line":61,"column":8},"end":{"line":61,"column":35}},"type":"binary-expr","locations":[{"start":{"line":61,"column":8},"end":{"line":61,"column":13}},{"start":{"line":61,"column":17},"end":{"line":61,"column":35}}],"line":61},"3":{"loc":{"start":{"line":70,"column":24},"end":{"line":70,"column":33}},"type":"default-arg","locations":[{"start":{"line":70,"column":31},"end":{"line":70,"column":33}}],"line":70},"4":{"loc":{"start":{"line":72,"column":28},"end":{"line":72,"column":67}},"type":"cond-expr","locations":[{"start":{"line":72,"column":49},"end":{"line":72,"column":55}},{"start":{"line":72,"column":58},"end":{"line":72,"column":67}}],"line":72},"5":{"loc":{"start":{"line":105,"column":12},"end":{"line":122,"column":13}},"type":"if","locations":[{"start":{"line":105,"column":12},"end":{"line":122,"column":13}},{"start":{},"end":{}}],"line":105},"6":{"loc":{"start":{"line":105,"column":16},"end":{"line":105,"column":47}},"type":"binary-expr","locations":[{"start":{"line":105,"column":16},"end":{"line":105,"column":24}},{"start":{"line":105,"column":28},"end":{"line":105,"column":47}}],"line":105},"7":{"loc":{"start":{"line":110,"column":16},"end":{"line":112,"column":17}},"type":"if","locations":[{"start":{"line":110,"column":16},"end":{"line":112,"column":17}},{"start":{},"end":{}}],"line":110},"8":{"loc":{"start":{"line":113,"column":16},"end":{"line":115,"column":17}},"type":"if","locations":[{"start":{"line":113,"column":16},"end":{"line":115,"column":17}},{"start":{},"end":{}}],"line":113},"9":{"loc":{"start":{"line":116,"column":16},"end":{"line":118,"column":17}},"type":"if","locations":[{"start":{"line":116,"column":16},"end":{"line":118,"column":17}},{"start":{},"end":{}}],"line":116},"10":{"loc":{"start":{"line":119,"column":16},"end":{"line":121,"column":17}},"type":"if","locations":[{"start":{"line":119,"column":16},"end":{"line":121,"column":17}},{"start":{},"end":{}}],"line":119},"11":{"loc":{"start":{"line":136,"column":8},"end":{"line":166,"column":9}},"type":"if","locations":[{"start":{"line":136,"column":8},"end":{"line":166,"column":9}},{"start":{},"end":{}}],"line":136},"12":{"loc":{"start":{"line":136,"column":12},"end":{"line":136,"column":35}},"type":"binary-expr","locations":[{"start":{"line":136,"column":12},"end":{"line":136,"column":16}},{"start":{"line":136,"column":20},"end":{"line":136,"column":35}}],"line":136},"13":{"loc":{"start":{"line":140,"column":16},"end":{"line":142,"column":17}},"type":"if","locations":[{"start":{"line":140,"column":16},"end":{"line":142,"column":17}},{"start":{},"end":{}}],"line":140},"14":{"loc":{"start":{"line":140,"column":20},"end":{"line":140,"column":67}},"type":"binary-expr","locations":[{"start":{"line":140,"column":20},"end":{"line":140,"column":40}},{"start":{"line":140,"column":44},"end":{"line":140,"column":67}}],"line":140},"15":{"loc":{"start":{"line":145,"column":16},"end":{"line":161,"column":17}},"type":"if","locations":[{"start":{"line":145,"column":16},"end":{"line":161,"column":17}},{"start":{},"end":{}}],"line":145},"16":{"loc":{"start":{"line":146,"column":20},"end":{"line":147,"column":67}},"type":"binary-expr","locations":[{"start":{"line":146,"column":20},"end":{"line":146,"column":33}},{"start":{"line":147,"column":20},"end":{"line":147,"column":67}}],"line":146},"17":{"loc":{"start":{"line":150,"column":20},"end":{"line":152,"column":21}},"type":"if","locations":[{"start":{"line":150,"column":20},"end":{"line":152,"column":21}},{"start":{},"end":{}}],"line":150},"18":{"loc":{"start":{"line":150,"column":24},"end":{"line":150,"column":76}},"type":"binary-expr","locations":[{"start":{"line":150,"column":24},"end":{"line":150,"column":48}},{"start":{"line":150,"column":52},"end":{"line":150,"column":76}}],"line":150},"19":{"loc":{"start":{"line":155,"column":20},"end":{"line":160,"column":21}},"type":"if","locations":[{"start":{"line":155,"column":20},"end":{"line":160,"column":21}},{"start":{},"end":{}}],"line":155},"20":{"loc":{"start":{"line":156,"column":24},"end":{"line":157,"column":71}},"type":"binary-expr","locations":[{"start":{"line":156,"column":24},"end":{"line":156,"column":38}},{"start":{"line":157,"column":24},"end":{"line":157,"column":71}}],"line":156},"21":{"loc":{"start":{"line":175,"column":4},"end":{"line":175,"column":48}},"type":"if","locations":[{"start":{"line":175,"column":4},"end":{"line":175,"column":48}},{"start":{},"end":{}}],"line":175},"22":{"loc":{"start":{"line":175,"column":8},"end":{"line":175,"column":29}},"type":"binary-expr","locations":[{"start":{"line":175,"column":8},"end":{"line":175,"column":17}},{"start":{"line":175,"column":21},"end":{"line":175,"column":29}}],"line":175},"23":{"loc":{"start":{"line":176,"column":4},"end":{"line":176,"column":49}},"type":"if","locations":[{"start":{"line":176,"column":4},"end":{"line":176,"column":49}},{"start":{},"end":{}}],"line":176},"24":{"loc":{"start":{"line":176,"column":8},"end":{"line":176,"column":30}},"type":"binary-expr","locations":[{"start":{"line":176,"column":8},"end":{"line":176,"column":17}},{"start":{"line":176,"column":21},"end":{"line":176,"column":30}}],"line":176},"25":{"loc":{"start":{"line":177,"column":4},"end":{"line":177,"column":50}},"type":"if","locations":[{"start":{"line":177,"column":4},"end":{"line":177,"column":50}},{"start":{},"end":{}}],"line":177},"26":{"loc":{"start":{"line":177,"column":8},"end":{"line":177,"column":31}},"type":"binary-expr","locations":[{"start":{"line":177,"column":8},"end":{"line":177,"column":18}},{"start":{"line":177,"column":22},"end":{"line":177,"column":31}}],"line":177},"27":{"loc":{"start":{"line":185,"column":4},"end":{"line":185,"column":62}},"type":"if","locations":[{"start":{"line":185,"column":4},"end":{"line":185,"column":62}},{"start":{},"end":{}}],"line":185},"28":{"loc":{"start":{"line":185,"column":8},"end":{"line":185,"column":50}},"type":"binary-expr","locations":[{"start":{"line":185,"column":8},"end":{"line":185,"column":21}},{"start":{"line":185,"column":25},"end":{"line":185,"column":50}}],"line":185},"29":{"loc":{"start":{"line":198,"column":8},"end":{"line":201,"column":9}},"type":"if","locations":[{"start":{"line":198,"column":8},"end":{"line":201,"column":9}},{"start":{},"end":{}}],"line":198},"30":{"loc":{"start":{"line":198,"column":12},"end":{"line":198,"column":68}},"type":"binary-expr","locations":[{"start":{"line":198,"column":12},"end":{"line":198,"column":17}},{"start":{"line":198,"column":21},"end":{"line":198,"column":31}},{"start":{"line":198,"column":35},"end":{"line":198,"column":48}},{"start":{"line":198,"column":52},"end":{"line":198,"column":68}}],"line":198},"31":{"loc":{"start":{"line":208,"column":12},"end":{"line":230,"column":13}},"type":"if","locations":[{"start":{"line":208,"column":12},"end":{"line":230,"column":13}},{"start":{"line":221,"column":19},"end":{"line":230,"column":13}}],"line":208},"32":{"loc":{"start":{"line":208,"column":16},"end":{"line":208,"column":62}},"type":"binary-expr","locations":[{"start":{"line":208,"column":16},"end":{"line":208,"column":27}},{"start":{"line":208,"column":31},"end":{"line":208,"column":62}}],"line":208},"33":{"loc":{"start":{"line":211,"column":16},"end":{"line":220,"column":17}},"type":"if","locations":[{"start":{"line":211,"column":16},"end":{"line":220,"column":17}},{"start":{"line":214,"column":23},"end":{"line":220,"column":17}}],"line":211},"34":{"loc":{"start":{"line":221,"column":19},"end":{"line":230,"column":13}},"type":"if","locations":[{"start":{"line":221,"column":19},"end":{"line":230,"column":13}},{"start":{"line":226,"column":19},"end":{"line":230,"column":13}}],"line":221},"35":{"loc":{"start":{"line":221,"column":23},"end":{"line":221,"column":61}},"type":"binary-expr","locations":[{"start":{"line":221,"column":23},"end":{"line":221,"column":30}},{"start":{"line":221,"column":34},"end":{"line":221,"column":61}}],"line":221},"36":{"loc":{"start":{"line":232,"column":12},"end":{"line":248,"column":13}},"type":"if","locations":[{"start":{"line":232,"column":12},"end":{"line":248,"column":13}},{"start":{"line":239,"column":19},"end":{"line":248,"column":13}}],"line":232},"37":{"loc":{"start":{"line":235,"column":26},"end":{"line":235,"column":67}},"type":"binary-expr","locations":[{"start":{"line":235,"column":26},"end":{"line":235,"column":44}},{"start":{"line":235,"column":48},"end":{"line":235,"column":62}},{"start":{"line":235,"column":66},"end":{"line":235,"column":67}}],"line":235},"38":{"loc":{"start":{"line":236,"column":25},"end":{"line":236,"column":66}},"type":"binary-expr","locations":[{"start":{"line":236,"column":25},"end":{"line":236,"column":43}},{"start":{"line":236,"column":47},"end":{"line":236,"column":61}},{"start":{"line":236,"column":65},"end":{"line":236,"column":66}}],"line":236},"39":{"loc":{"start":{"line":237,"column":26},"end":{"line":237,"column":55}},"type":"binary-expr","locations":[{"start":{"line":237,"column":26},"end":{"line":237,"column":46}},{"start":{"line":237,"column":50},"end":{"line":237,"column":55}}],"line":237},"40":{"loc":{"start":{"line":242,"column":20},"end":{"line":242,"column":61}},"type":"binary-expr","locations":[{"start":{"line":242,"column":20},"end":{"line":242,"column":38}},{"start":{"line":242,"column":42},"end":{"line":242,"column":56}},{"start":{"line":242,"column":60},"end":{"line":242,"column":61}}],"line":242},"41":{"loc":{"start":{"line":246,"column":20},"end":{"line":246,"column":61}},"type":"binary-expr","locations":[{"start":{"line":246,"column":20},"end":{"line":246,"column":38}},{"start":{"line":246,"column":42},"end":{"line":246,"column":56}},{"start":{"line":246,"column":60},"end":{"line":246,"column":61}}],"line":246},"42":{"loc":{"start":{"line":250,"column":12},"end":{"line":252,"column":13}},"type":"if","locations":[{"start":{"line":250,"column":12},"end":{"line":252,"column":13}},{"start":{},"end":{}}],"line":250},"43":{"loc":{"start":{"line":251,"column":34},"end":{"line":251,"column":63}},"type":"binary-expr","locations":[{"start":{"line":251,"column":34},"end":{"line":251,"column":54}},{"start":{"line":251,"column":58},"end":{"line":251,"column":63}}],"line":251},"44":{"loc":{"start":{"line":315,"column":8},"end":{"line":315,"column":58}},"type":"if","locations":[{"start":{"line":315,"column":8},"end":{"line":315,"column":58}},{"start":{},"end":{}}],"line":315},"45":{"loc":{"start":{"line":315,"column":12},"end":{"line":315,"column":49}},"type":"binary-expr","locations":[{"start":{"line":315,"column":12},"end":{"line":315,"column":28}},{"start":{"line":315,"column":32},"end":{"line":315,"column":49}}],"line":315},"46":{"loc":{"start":{"line":316,"column":8},"end":{"line":316,"column":47}},"type":"if","locations":[{"start":{"line":316,"column":8},"end":{"line":316,"column":47}},{"start":{},"end":{}}],"line":316},"47":{"loc":{"start":{"line":321,"column":12},"end":{"line":326,"column":13}},"type":"if","locations":[{"start":{"line":321,"column":12},"end":{"line":326,"column":13}},{"start":{},"end":{}}],"line":321},"48":{"loc":{"start":{"line":335,"column":8},"end":{"line":339,"column":9}},"type":"if","locations":[{"start":{"line":335,"column":8},"end":{"line":339,"column":9}},{"start":{"line":337,"column":15},"end":{"line":339,"column":9}}],"line":335},"49":{"loc":{"start":{"line":349,"column":12},"end":{"line":353,"column":13}},"type":"if","locations":[{"start":{"line":349,"column":12},"end":{"line":353,"column":13}},{"start":{},"end":{}}],"line":349},"50":{"loc":{"start":{"line":362,"column":12},"end":{"line":364,"column":13}},"type":"if","locations":[{"start":{"line":362,"column":12},"end":{"line":364,"column":13}},{"start":{},"end":{}}],"line":362},"51":{"loc":{"start":{"line":362,"column":16},"end":{"line":362,"column":47}},"type":"binary-expr","locations":[{"start":{"line":362,"column":16},"end":{"line":362,"column":23}},{"start":{"line":362,"column":27},"end":{"line":362,"column":47}}],"line":362},"52":{"loc":{"start":{"line":386,"column":12},"end":{"line":390,"column":13}},"type":"if","locations":[{"start":{"line":386,"column":12},"end":{"line":390,"column":13}},{"start":{},"end":{}}],"line":386},"53":{"loc":{"start":{"line":386,"column":16},"end":{"line":386,"column":50}},"type":"binary-expr","locations":[{"start":{"line":386,"column":16},"end":{"line":386,"column":25}},{"start":{"line":386,"column":29},"end":{"line":386,"column":50}}],"line":386},"54":{"loc":{"start":{"line":395,"column":17},"end":{"line":395,"column":43}},"type":"binary-expr","locations":[{"start":{"line":395,"column":17},"end":{"line":395,"column":37}},{"start":{"line":395,"column":41},"end":{"line":395,"column":43}}],"line":395},"55":{"loc":{"start":{"line":396,"column":20},"end":{"line":417,"column":21}},"type":"if","locations":[{"start":{"line":396,"column":20},"end":{"line":417,"column":21}},{"start":{},"end":{}}],"line":396},"56":{"loc":{"start":{"line":404,"column":28},"end":{"line":406,"column":29}},"type":"if","locations":[{"start":{"line":404,"column":28},"end":{"line":406,"column":29}},{"start":{},"end":{}}],"line":404},"57":{"loc":{"start":{"line":404,"column":32},"end":{"line":404,"column":68}},"type":"binary-expr","locations":[{"start":{"line":404,"column":32},"end":{"line":404,"column":43}},{"start":{"line":404,"column":47},"end":{"line":404,"column":68}}],"line":404},"58":{"loc":{"start":{"line":410,"column":24},"end":{"line":416,"column":25}},"type":"if","locations":[{"start":{"line":410,"column":24},"end":{"line":416,"column":25}},{"start":{},"end":{}}],"line":410},"59":{"loc":{"start":{"line":431,"column":16},"end":{"line":433,"column":17}},"type":"if","locations":[{"start":{"line":431,"column":16},"end":{"line":433,"column":17}},{"start":{},"end":{}}],"line":431},"60":{"loc":{"start":{"line":441,"column":20},"end":{"line":449,"column":21}},"type":"if","locations":[{"start":{"line":441,"column":20},"end":{"line":449,"column":21}},{"start":{},"end":{}}],"line":441},"61":{"loc":{"start":{"line":504,"column":12},"end":{"line":510,"column":13}},"type":"if","locations":[{"start":{"line":504,"column":12},"end":{"line":510,"column":13}},{"start":{},"end":{}}],"line":504},"62":{"loc":{"start":{"line":512,"column":12},"end":{"line":515,"column":13}},"type":"if","locations":[{"start":{"line":512,"column":12},"end":{"line":515,"column":13}},{"start":{},"end":{}}],"line":512},"63":{"loc":{"start":{"line":512,"column":16},"end":{"line":512,"column":66}},"type":"binary-expr","locations":[{"start":{"line":512,"column":16},"end":{"line":512,"column":33}},{"start":{"line":512,"column":37},"end":{"line":512,"column":66}}],"line":512},"64":{"loc":{"start":{"line":525,"column":16},"end":{"line":527,"column":17}},"type":"if","locations":[{"start":{"line":525,"column":16},"end":{"line":527,"column":17}},{"start":{},"end":{}}],"line":525},"65":{"loc":{"start":{"line":541,"column":20},"end":{"line":541,"column":61}},"type":"binary-expr","locations":[{"start":{"line":541,"column":20},"end":{"line":541,"column":50}},{"start":{"line":541,"column":54},"end":{"line":541,"column":61}}],"line":541},"66":{"loc":{"start":{"line":546,"column":20},"end":{"line":546,"column":41}},"type":"if","locations":[{"start":{"line":546,"column":20},"end":{"line":546,"column":41}},{"start":{},"end":{}}],"line":546},"67":{"loc":{"start":{"line":557,"column":24},"end":{"line":558,"column":57}},"type":"binary-expr","locations":[{"start":{"line":557,"column":24},"end":{"line":557,"column":53}},{"start":{"line":558,"column":24},"end":{"line":558,"column":57}}],"line":557},"68":{"loc":{"start":{"line":561,"column":20},"end":{"line":573,"column":21}},"type":"if","locations":[{"start":{"line":561,"column":20},"end":{"line":573,"column":21}},{"start":{},"end":{}}],"line":561},"69":{"loc":{"start":{"line":598,"column":12},"end":{"line":604,"column":13}},"type":"if","locations":[{"start":{"line":598,"column":12},"end":{"line":604,"column":13}},{"start":{},"end":{}}],"line":598},"70":{"loc":{"start":{"line":607,"column":34},"end":{"line":607,"column":53}},"type":"binar
[...]
,"column":34},"end":{"line":267,"column":41}}],"line":265},"16":{"loc":{"start":{"line":265,"column":28},"end":{"line":265,"column":76}},"type":"binary-expr","locations":[{"start":{"line":265,"column":28},"end":{"line":265,"column":35}},{"start":{"line":265,"column":39},"end":{"line":265,"column":54}},{"start":{"line":265,"column":58},"end":{"line":265,"column":76}}],"line":265},"17":{"loc":{"start":{"line":270,"column":41},"end":{"line":270,"column":60}},"type":"binary-expr","locations":[{"start":{"line":270,"column":41},"end":{"line":270,"column":54}},{"start":{"line":270,"column":58},"end":{"line":270,"column":60}}],"line":270},"18":{"loc":{"start":{"line":274,"column":29},"end":{"line":274,"column":69}},"type":"binary-expr","locations":[{"start":{"line":274,"column":29},"end":{"line":274,"column":63}},{"start":{"line":274,"column":67},"end":{"line":274,"column":69}}],"line":274},"19":{"loc":{"start":{"line":274,"column":43},"end":{"line":274,"column":62}},"type":"binary-expr","locations":[{"start":{"line":274,"column":43},"end":{"line":274,"column":56}},{"start":{"line":274,"column":60},"end":{"line":274,"column":62}}],"line":274},"20":{"loc":{"start":{"line":281,"column":13},"end":{"line":302,"column":13}},"type":"binary-expr","locations":[{"start":{"line":281,"column":13},"end":{"line":281,"column":20}},{"start":{"line":282,"column":16},"end":{"line":301,"column":23}}],"line":281},"21":{"loc":{"start":{"line":303,"column":13},"end":{"line":316,"column":13}},"type":"binary-expr","locations":[{"start":{"line":303,"column":13},"end":{"line":303,"column":18}},{"start":{"line":303,"column":22},"end":{"line":303,"column":30}},{"start":{"line":304,"column":16},"end":{"line":315,"column":23}}],"line":303}},"s":{"0":0,"1":0,"2":0,"3":0,"4":0,"5":0,"6":0,"7":0,"8":0,"9":0,"10":0,"11":0,"12":0,"13":0,"14":0,"15":0,"16":0,"17":0,"18":0,"19":0,"20":0,"21":0,"22":0,"23":0,"24":0,"25":0,"26":0,"27":0,"28":0},"f":{"0":0,"1":0,"2":0,"3":0,"4":0},"b":{"0":[0,0,0,0,0,0,0,0,0,0],"1":[0,0,0,0,0,0,0,0,0,0],"2":[0,0,0,0,0,0,0,0,0,0],"3":[0,0,0,0],"4":[0,0],"5":[0,0,0,0],"6":[0,0],"7":[0,0,0],"8":[0,0],"9":[0,0,0],"10":[0,0],"11":[0,0],"12":[0,0],"13":[0,0],"14":[0,0],"15":[0,0],"16":[0,0,0],"17":[0,0],"18":[0,0],"19":[0,0],"20":[0,0],"21":[0,0,0]}}
,"/Users/willdennis1/Desktop/fractal-projects/fwf-again/src/services/growthService.ts": {"path":"/Users/willdennis1/Desktop/fractal-projects/fwf-again/src/services/growthService.ts","statementMap":{"0":{"start":{"line":10,"column":77},"end":{"line":20,"column":5}},"1":{"start":{"line":22,"column":23},"end":{"line":22,"column":53}},"2":{"start":{"line":23,"column":22},"end":{"line":23,"column":48}},"3":{"start":{"line":25,"column":4},"end":{"line":27,"column":5}},"4":{"start":{"line":26,"column":6},"end":{"line":26,"column":44}},"5":{"start":{"line":30,"column":4},"end":{"line":30,"column":15}},"6":{"start":{"line":42,"column":25},"end":{"line":42,"column":92}},"7":{"start":{"line":43,"column":25},"end":{"line":43,"column":67}},"8":{"start":{"line":44,"column":26},"end":{"line":44,"column":53}},"9":{"start":{"line":47,"column":29},"end":{"line":47,"column":34}},"10":{"start":{"line":51,"column":21},"end":{"line":51,"column":76}},"11":{"start":{"line":54,"column":29},"end":{"line":54,"column":30}},"12":{"start":{"line":55,"column":24},"end":{"line":55,"column":29}},"13":{"start":{"line":57,"column":4},"end":{"line":57,"column":33}},"14":{"start":{"line":57,"column":23},"end":{"line":57,"column":33}},"15":{"start":{"line":58,"column":4},"end":{"line":58,"column":34}},"16":{"start":{"line":58,"column":24},"end":{"line":58,"column":34}},"17":{"start":{"line":59,"column":4},"end":{"line":59,"column":34}},"18":{"start":{"line":59,"column":24},"end":{"line":59,"column":34}},"19":{"start":{"line":60,"column":4},"end":{"line":60,"column":35}},"20":{"start":{"line":60,"column":25},"end":{"line":60,"column":35}},"21":{"start":{"line":63,"column":33},"end":{"line":63,"column":61}},"22":{"start":{"line":64,"column":30},"end":{"line":64,"column":79}},"23":{"start":{"line":66,"column":4},"end":{"line":68,"column":5}},"24":{"start":{"line":67,"column":6},"end":{"line":67,"column":27}},"25":{"start":{"line":70,"column":4},"end":{"line":74,"column":6}},"26":{"start":{"line":81,"column":4},"end":{"line":88,"column":5}},"27":{"start":{"line":82,"column":14},"end":{"line":82,"column":23}},"28":{"start":{"line":83,"column":14},"end":{"line":83,"column":23}},"29":{"start":{"line":84,"column":14},"end":{"line":84,"column":24}},"30":{"start":{"line":85,"column":14},"end":{"line":85,"column":24}},"31":{"start":{"line":86,"column":14},"end":{"line":86,"column":25}},"32":{"start":{"line":87,"column":15},"end":{"line":87,"column":24}},"33":{"start":{"line":95,"column":24},"end":{"line":95,"column":85}},"34":{"start":{"line":96,"column":4},"end":{"line":96,"column":66}},"35":{"start":{"line":103,"column":4},"end":{"line":103,"column":36}},"36":{"start":{"line":103,"column":27},"end":{"line":103,"column":36}},"37":{"start":{"line":104,"column":4},"end":{"line":104,"column":45}},"38":{"start":{"line":115,"column":21},"end":{"line":115,"column":56}},"39":{"start":{"line":115,"column":45},"end":{"line":115,"column":54}},"40":{"start":{"line":116,"column":96},"end":{"line":116,"column":98}},"41":{"start":{"line":118,"column":4},"end":{"line":132,"column":5}},"42":{"start":{"line":119,"column":20},"end":{"line":119,"column":55}},"43":{"start":{"line":120,"column":6},"end":{"line":120,"column":27}},"44":{"start":{"line":120,"column":18},"end":{"line":120,"column":27}},"45":{"start":{"line":122,"column":26},"end":{"line":122,"column":87}},"46":{"start":{"line":123,"column":23},"end":{"line":123,"column":77}},"47":{"start":{"line":125,"column":6},"end":{"line":131,"column":7}},"48":{"start":{"line":126,"column":8},"end":{"line":130,"column":11}},"49":{"start":{"line":134,"column":4},"end":{"line":134,"column":19}},"50":{"start":{"line":141,"column":20},"end":{"line":141,"column":39}},"51":{"start":{"line":142,"column":21},"end":{"line":142,"column":75}},"52":{"start":{"line":144,"column":4},"end":{"line":144,"column":65}},"53":{"start":{"line":144,"column":36},"end":{"line":144,"column":65}},"54":{"start":{"line":145,"column":4},"end":{"line":145,"column":65}},"55":{"start":{"line":145,"column":36},"end":{"line":145,"column":65}},"56":{"start":{"line":146,"column":4},"end":{"line":146,"column":67}},"57":{"start":{"line":146,"column":37},"end":{"line":146,"column":67}},"58":{"start":{"line":148,"column":4},"end":{"line":148,"column":34}},"59":{"start":{"line":155,"column":4},"end":{"line":155,"column":52}},"60":{"start":{"line":155,"column":30},"end":{"line":155,"column":52}},"61":{"start":{"line":156,"column":4},"end":{"line":156,"column":53}},"62":{"start":{"line":156,"column":30},"end":{"line":156,"column":53}},"63":{"start":{"line":157,"column":4},"end":{"line":157,"column":26}},"64":{"start":{"line":164,"column":4},"end":{"line":170,"column":6}},"65":{"start":{"line":177,"column":4},"end":{"line":184,"column":6}}},"fnMap":{"0":{"name":"(anonymous_0)","decl":{"start":{"line":8,"column":2},"end":{"line":8,"column":3}},"loc":{"start":{"line":8,"column":73},"end":{"line":31,"column":3}},"line":8},"1":{"name":"(anonymous_1)","decl":{"start":{"line":36,"column":2},"end":{"line":36,"column":3}},"loc":{"start":{"line":40,"column":23},"end":{"line":75,"column":3}},"line":40},"2":{"name":"(anonymous_2)","decl":{"start":{"line":80,"column":2},"end":{"line":80,"column":3}},"loc":{"start":{"line":80,"column":62},"end":{"line":89,"column":3}},"line":80},"3":{"name":"(anonymous_3)","decl":{"start":{"line":94,"column":2},"end":{"line":94,"column":3}},"loc":{"start":{"line":94,"column":97},"end":{"line":97,"column":3}},"line":94},"4":{"name":"(anonymous_4)","decl":{"start":{"line":102,"column":2},"end":{"line":102,"column":3}},"loc":{"start":{"line":102,"column":62},"end":{"line":105,"column":3}},"line":102},"5":{"name":"(anonymous_5)","decl":{"start":{"line":110,"column":2},"end":{"line":110,"column":3}},"loc":{"start":{"line":114,"column":80},"end":{"line":135,"column":3}},"line":114},"6":{"name":"(anonymous_6)","decl":{"start":{"line":115,"column":40},"end":{"line":115,"column":41}},"loc":{"start":{"line":115,"column":45},"end":{"line":115,"column":54}},"line":115},"7":{"name":"(anonymous_7)","decl":{"start":{"line":140,"column":2},"end":{"line":140,"column":3}},"loc":{"start":{"line":140,"column":63},"end":{"line":149,"column":3}},"line":140},"8":{"name":"(anonymous_8)","decl":{"start":{"line":154,"column":2},"end":{"line":154,"column":3}},"loc":{"start":{"line":154,"column":67},"end":{"line":158,"column":3}},"line":154},"9":{"name":"(anonymous_9)","decl":{"start":{"line":163,"column":2},"end":{"line":163,"column":3}},"loc":{"start":{"line":163,"column":46},"end":{"line":171,"column":3}},"line":163},"10":{"name":"(anonymous_10)","decl":{"start":{"line":176,"column":2},"end":{"line":176,"column":3}},"loc":{"start":{"line":176,"column":67},"end":{"line":185,"column":3}},"line":176}},"branchMap":{"0":{"loc":{"start":{"line":25,"column":4},"end":{"line":27,"column":5}},"type":"if","locations":[{"start":{"line":25,"column":4},"end":{"line":27,"column":5}},{"start":{},"end":{}}],"line":25},"1":{"loc":{"start":{"line":57,"column":4},"end":{"line":57,"column":33}},"type":"if","locations":[{"start":{"line":57,"column":4},"end":{"line":57,"column":33}},{"start":{},"end":{}}],"line":57},"2":{"loc":{"start":{"line":58,"column":4},"end":{"line":58,"column":34}},"type":"if","locations":[{"start":{"line":58,"column":4},"end":{"line":58,"column":34}},{"start":{},"end":{}}],"line":58},"3":{"loc":{"start":{"line":59,"column":4},"end":{"line":59,"column":34}},"type":"if","locations":[{"start":{"line":59,"column":4},"end":{"line":59,"column":34}},{"start":{},"end":{}}],"line":59},"4":{"loc":{"start":{"line":60,"column":4},"end":{"line":60,"column":35}},"type":"if","locations":[{"start":{"line":60,"column":4},"end":{"line":60,"column":35}},{"start":{},"end":{}}],"line":60},"5":{"loc":{"start":{"line":66,"column":4},"end":{"line":68,"column":5}},"type":"if","locations":[{"start":{"line":66,"column":4},"end":{"line":68,"column":5}},{"start":{},"end":{}}],"line":66},"6":{"loc":{"start":{"line":66,"column":8},"end":{"line":66,"column":50}},"type":"binary-expr","locations":[{"start":{"line":66,"column":8},"end":{"line":66,"column":37}},{"start":{"line":66,"column":41},"end":{"line":66,"column":50}}],"line":66},"7":{"loc":{"start":{"line":81,"column":4},"end":{"line":88,"column":5}},"type":"switch","locations":[{"start":{"line":82,"column":6},"end":{"line":82,"column":23}},{"start":{"line":83,"column":6},"end":{"line":83,"column":23}},{"start":{"line":84,"column":6},"end":{"line":84,"column":24}},{"start":{"line":85,"column":6},"end":{"line":85,"column":24}},{"start":{"line":86,"column":6},"end":{"line":86,"column":25}},{"start":{"line":87,"column":6},"end":{"line":87,"column":24}}],"line":81},"8":{"loc":{"start":{"line":96,"column":11},"end":{"line":96,"column":65}},"type":"binary-expr","locations":[{"start":{"line":96,"column":11},"end":{"line":96,"column":34}},{"start":{"line":96,"column":38},"end":{"line":96,"column":65}}],"line":96},"9":{"loc":{"start":{"line":103,"column":4},"end":{"line":103,"column":36}},"type":"if","locations":[{"start":{"line":103,"column":4},"end":{"line":103,"column":36}},{"start":{},"end":{}}],"line":103},"10":{"loc":{"start":{"line":120,"column":6},"end":{"line":120,"column":27}},"type":"if","locations":[{"start":{"line":120,"column":6},"end":{"line":120,"column":27}},{"start":{},"end":{}}],"line":120},"11":{"loc":{"start":{"line":125,"column":6},"end":{"line":131,"column":7}},"type":"if","locations":[{"start":{"line":125,"column":6},"end":{"line":131,"column":7}},{"start":{},"end":{}}],"line":125},"12":{"loc":{"start":{"line":125,"column":10},"end":{"line":125,"column":47}},"type":"binary-expr","locations":[{"start":{"line":125,"column":10},"end":{"line":125,"column":35}},{"start":{"line":125,"column":39},"end":{"line":125,"column":47}}],"line":125},"13":{"loc":{"start":{"line":128,"column":20},"end":{"line":128,"column":104}},"type":"cond-expr","locations":[{"start":{"line":128,"column":48},"end":{"line":128,"column":84}},{"start":{"line":128,"column":87},"end":{"line":128,"column":104}}],"line":128},"14":{"loc":{"start":{"line":144,"column":4},"end":{"line":144,"column":65}},"type":"if","locations":[{"start":{"line":144,"column":4},"end":{"line":144,"column":65}},{"start":{},"end":{}}],"line":144},"15":{"loc":{"start":{"line":145,"column":4},"end":{"line":145,"column":65}},"type":"if","locations":[{"start":{"line":145,"column":4},"end":{"line":145,"column":65}},{"start":{},"end":{}}],"line":145},"16":{"loc":{"start":{"line":146,"column":4},"end":{"line":146,"column":67}},"type":"if","locations":[{"start":{"line":146,"column":4},"end":{"line":146,"column":67}},{"start":{},"end":{}}],"line":146},"17":{"loc":{"start":{"line":155,"column":4},"end":{"line":155,"column":52}},"type":"if","locations":[{"start":{"line":155,"column":4},"end":{"line":155,"column":52}},{"start":{},"end":{}}],"line":155},"18":{"loc":{"start":{"line":156,"column":4},"end":{"line":156,"column":53}},"type":"if","locations":[{"start":{"line":156,"column":4},"end":{"line":156,"column":53}},{"start":{},"end":{}}],"line":156},"19":{"loc":{"start":{"line":165,"column":6},"end":{"line":169,"column":22}},"type":"binary-expr","locations":[{"start":{"line":165,"column":6},"end":{"line":165,"column":14}},{"start":{"line":166,"column":6},"end":{"line":166,"column":16}},{"start":{"line":167,"column":6},"end":{"line":167,"column":33}},{"start":{"line":168,"column":6},"end":{"line":168,"column":25}},{"start":{"line":169,"column":6},"end":{"line":169,"column":22}}],"line":165},"20":{"loc":{"start":{"line":178,"column":6},"end":{"line":183,"column":37}},"type":"binary-expr","locations":[{"start":{"line":178,"column":6},"end":{"line":178,"column":21}},{"start":{"line":179,"column":6},"end":{"line":179,"column":34}},{"start":{"line":180,"column":6},"end":{"line":180,"column":29}},{"start":{"line":181,"column":6},"end":{"line":181,"column":27}},{"start":{"line":182,"column":6},"end":{"line":182,"column":37}},{"start":{"line":183,"column":6},"end":{"line":183,"column":37}}],"line":178}},"s":{"0":20,"1":20,"2":20,"3":20,"4":19,"5":1,"6":9,"7":9,"8":9,"9":9,"10":9,"11":9,"12":9,"13":9,"14":9,"15":9,"16":7,"17":9,"18":6,"19":9,"20":3,"21":9,"22":9,"23":9,"24":0,"25":9,"26":18,"27":0,"28":2,"29":3,"30":4,"31":6,"32":3,"33":2,"34":2,"35":5,"36":1,"37":4,"38":0,"39":0,"40":0,"41":0,"42":0,"43":0,"44":0,"45":0,"46":0,"47":0,"48":0,"49":0,"50":4,"51":4,"52":4,"53":2,"54":2,"55":1,"56":1,"57":1,"58":0,"59":6,"60":2,"61":4,"62":2,"63":2,"64":6,"65":7},"f":{"0":20,"1":9,"2":18,"3":2,"4":5,"5":0,"6":0,"7":4,"8":6,"9":6,"10":7},"b":{"0":[19,1],"1":[9,0],"2":[7,2],"3":[6,3],"4":[3,6],"5":[0,9],"6":[9,3],"7":[0,2,3,4,6,3],"8":[2,1],"9":[1,4],"10":[0,0],"11":[0,0],"12":[0,0],"13":[0,0],"14":[2,2],"15":[1,1],"16":[1,0],"17":[2,4],"18":[2,2],"19":[6,5,4,3,2],"20":[7,6,5,4,3,2]},"_coverageSchema":"1a1c01bbd47fc00a2c39e90264f33305004495a9","hash":"2c57003b23323efad174335e40e6edc12089d299"}
,"/Users/willdennis1/Desktop/fractal-projects/fwf-again/src/services/timeCalculationService.ts": {"path":"/Users/willdennis1/Desktop/fractal-projects/fwf-again/src/services/timeCalculationService.ts","statementMap":{"0":{"start":{"line":10,"column":24},"end":{"line":10,"column":49}},"1":{"start":{"line":11,"column":24},"end":{"line":11,"column":34}},"2":{"start":{"line":14,"column":24},"end":{"line":14,"column":69}},"3":{"start":{"line":15,"column":25},"end":{"line":15,"column":55}},"4":{"start":{"line":16,"column":4},"end":{"line":16,"column":37}},"5":{"start":{"line":27,"column":25},"end":{"line":27,"column":60}},"6":{"start":{"line":28,"column":25},"end":{"line":28,"column":76}},"7":{"start":{"line":31,"column":32},"end":{"line":31,"column":70}},"8":{"start":{"line":32,"column":30},"end":{"line":32,"column":64}},"9":{"start":{"line":33,"column":4},"end":{"line":33,"column":42}},"10":{"start":{"line":44,"column":4},"end":{"line":44,"column":81}},"11":{"start":{"line":55,"column":27},"end":{"line":55,"column":82}},"12":{"start":{"line":57,"column":4},"end":{"line":59,"column":5}},"13":{"start":{"line":58,"column":6},"end":{"line":58,"column":33}},"14":{"start":{"line":61,"column":4},"end":{"line":64,"column":5}},"15":{"start":{"line":62,"column":19},"end":{"line":62,"column":50}},"16":{"start":{"line":63,"column":6},"end":{"line":63,"column":49}},"17":{"start":{"line":66,"column":4},"end":{"line":66,"column":48}},"18":{"start":{"line":73,"column":25},"end":{"line":73,"column":60}},"19":{"start":{"line":75,"column":4},"end":{"line":78,"column":5}},"20":{"start":{"line":76,"column":19},"end":{"line":76,"column":48}},"21":{"start":{"line":77,"column":6},"end":{"line":77,"column":49}},"22":{"start":{"line":80,"column":4},"end":{"line":80,"column":47}}},"fnMap":{"0":{"name":"(anonymous_0)","decl":{"start":{"line":8,"column":2},"end":{"line":8,"column":3}},"loc":{"start":{"line":8,"column":56},"end":{"line":17,"column":3}},"line":8},"1":{"name":"(anonymous_1)","decl":{"start":{"line":22,"column":2},"end":{"line":22,"column":3}},"loc":{"start":{"line":26,"column":12},"end":{"line":34,"column":3}},"line":26},"2":{"name":"(anonymous_2)","decl":{"start":{"line":39,"column":2},"end":{"line":39,"column":3}},"loc":{"start":{"line":43,"column":12},"end":{"line":45,"column":3}},"line":43},"3":{"name":"(anonymous_3)","decl":{"start":{"line":50,"column":2},"end":{"line":50,"column":3}},"loc":{"start":{"line":54,"column":12},"end":{"line":67,"column":3}},"line":54},"4":{"name":"(anonymous_4)","decl":{"start":{"line":72,"column":2},"end":{"line":72,"column":3}},"loc":{"start":{"line":72,"column":65},"end":{"line":81,"column":3}},"line":72}},"branchMap":{"0":{"loc":{"start":{"line":57,"column":4},"end":{"line":59,"column":5}},"type":"if","locations":[{"start":{"line":57,"column":4},"end":{"line":59,"column":5}},{"start":{},"end":{}}],"line":57},"1":{"loc":{"start":{"line":61,"column":4},"end":{"line":64,"column":5}},"type":"if","locations":[{"start":{"line":61,"column":4},"end":{"line":64,"column":5}},{"start":{},"end":{}}],"line":61},"2":{"loc":{"start":{"line":63,"column":27},"end":{"line":63,"column":46}},"type":"cond-expr","locations":[{"start":{"line":63,"column":38},"end":{"line":63,"column":41}},{"start":{"line":63,"column":44},"end":{"line":63,"column":46}}],"line":63},"3":{"loc":{"start":{"line":75,"column":4},"end":{"line":78,"column":5}},"type":"if","locations":[{"start":{"line":75,"column":4},"end":{"line":78,"column":5}},{"start":{},"end":{}}],"line":75},"4":{"loc":{"start":{"line":77,"column":27},"end":{"line":77,"column":46}},"type":"cond-expr","locations":[{"start":{"line":77,"column":38},"end":{"line":77,"column":41}},{"start":{"line":77,"column":44},"end":{"line":77,"column":46}}],"line":77}},"s":{"0":20,"1":9,"2":9,"3":9,"4":9,"5":12,"6":5,"7":5,"8":5,"9":5,"10":2,"11":5,"12":2,"13":0,"14":2,"15":0,"16":0,"17":2,"18":3,"19":2,"20":0,"21":0,"22":2},"f":{"0":20,"1":12,"2":2,"3":5,"4":3},"b":{"0":[0,2],"1":[0,2],"2":[0,0],"3":[0,2],"4":[0,0]},"_coverageSchema":"1a1c01bbd47fc00a2c39e90264f33305004495a9","hash":"f987d0d8db21270e1f42de5cc1e8d489974c40be"}
,"/Users/willdennis1/Desktop/fractal-projects/fwf-again/src/types/garden.ts": {"path":"/Users/willdennis1/Desktop/fractal-projects/fwf-again/src/types/garden.ts","statementMap":{},"fnMap":{},"branchMap":{},"s":{},"f":{},"b":{}}
,"/Users/willdennis1/Desktop/fractal-projects/fwf-again/src/utils/supabase.ts": {"path":"/Users/willdennis1/Desktop/fractal-projects/fwf-again/src/utils/supabase.ts","statementMap":{"0":{"start":{"line":4,"column":20},"end":{"line":4,"column":60}},"1":{"start":{"line":5,"column":20},"end":{"line":5,"column":60}},"2":{"start":{"line":7,"column":24},"end":{"line":7,"column":64}}},"fnMap":{},"branchMap":{},"s":{"0":0,"1":0,"2":0},"f":{},"b":{}}
}
