TN:
SF:src/app/_layout.tsx
FN:6,RootLayout
FN:15,(anonymous_1)
FNF:2
FNH:0
FNDA:0,RootLayout
FNDA:0,(anonymous_1)
DA:7,0
DA:16,0
LF:2
LH:0
BRF:0
BRH:0
end_of_record
TN:
SF:src/app/contacts-permission.tsx
FN:17,ContactsPermission
FN:21,(anonymous_1)
FN:47,(anonymous_2)
FN:48,(anonymous_3)
FNF:4
FNH:0
FNDA:0,ContactsPermission
FNDA:0,(anonymous_1)
FNDA:0,(anonymous_2)
FNDA:0,(anonymous_3)
DA:9,0
DA:18,0
DA:19,0
DA:21,0
DA:22,0
DA:23,0
DA:24,0
DA:25,0
DA:26,0
DA:27,0
DA:28,0
DA:29,0
DA:30,0
DA:31,0
DA:35,0
DA:36,0
DA:41,0
DA:42,0
DA:46,0
DA:47,0
DA:48,0
DA:49,0
DA:51,0
DA:52,0
DA:54,0
DA:55,0
DA:56,0
DA:61,0
DA:62,0
DA:72,0
DA:73,0
DA:76,0
DA:79,0
DA:80,0
DA:81,0
DA:82,0
DA:83,0
DA:84,0
DA:85,0
DA:86,0
DA:91,0
DA:93,0
DA:95,0
DA:97,0
DA:100,0
DA:117,0
LF:46
LH:0
BRDA:25,0,0,0
BRDA:25,0,1,0
BRDA:28,1,0,0
BRDA:28,1,1,0
BRDA:41,2,0,0
BRDA:41,2,1,0
BRDA:41,3,0,0
BRDA:41,3,1,0
BRDA:48,4,0,0
BRDA:48,4,1,0
BRDA:49,5,0,0
BRDA:49,5,1,0
BRDA:55,6,0,0
BRDA:55,6,1,0
BRDA:55,7,0,0
BRDA:55,7,1,0
BRDA:61,8,0,0
BRDA:61,8,1,0
BRDA:83,9,0,0
BRDA:83,9,1,0
BRDA:106,10,0,0
BRDA:106,10,1,0
BRDA:111,11,0,0
BRDA:111,11,1,0
BRF:24
BRH:0
end_of_record
TN:
SF:src/app/home.tsx
FN:36,(anonymous_0)
FN:60,(anonymous_1)
FN:64,(anonymous_2)
FN:70,(anonymous_3)
FN:96,getCityFromCoords
FN:174,getBackgroundColor
FN:184,aggregateToFiveDay
FN:196,(anonymous_7)
FN:267,Home
FN:299,(anonymous_9)
FN:314,(anonymous_10)
FN:322,(anonymous_11)
FN:333,(anonymous_12)
FN:343,(anonymous_13)
FN:394,(anonymous_14)
FN:395,(anonymous_15)
FN:490,(anonymous_16)
FN:523,(anonymous_17)
FN:583,(anonymous_18)
FN:612,(anonymous_19)
FN:625,(anonymous_20)
FN:655,(anonymous_21)
FN:668,(anonymous_22)
FN:681,(anonymous_23)
FN:707,(anonymous_24)
FN:773,(anonymous_25)
FN:814,(anonymous_26)
FN:1040,(anonymous_27)
FN:1045,(anonymous_28)
FN:1054,chunkArray
FN:1070,(anonymous_30)
FN:1077,(anonymous_31)
FN:1088,(anonymous_32)
FN:1098,(anonymous_33)
FN:1143,(anonymous_34)
FN:1166,(anonymous_35)
FN:1170,(anonymous_36)
FN:1183,(anonymous_37)
FN:1199,(anonymous_38)
FN:1213,(anonymous_39)
FN:1243,(anonymous_40)
FN:1251,(anonymous_41)
FN:1259,getHourLabel
FN:1270,ForecastSection
FN:1298,(anonymous_44)
FN:1301,(anonymous_45)
FN:1358,(anonymous_46)
FN:1363,(anonymous_47)
FN:1439,(anonymous_48)
FN:1442,(anonymous_49)
FN:1454,(anonymous_50)
FN:1474,(anonymous_51)
FN:1479,(anonymous_52)
FN:1503,(anonymous_53)
FN:1515,(anonymous_54)
FN:1523,(anonymous_55)
FN:1536,(anonymous_56)
FN:1544,(anonymous_57)
FN:1546,(anonymous_58)
FN:1563,(anonymous_59)
FN:1574,(anonymous_60)
FN:1600,(anonymous_61)
FN:1635,(anonymous_62)
FNF:63
FNH:0
FNDA:0,(anonymous_0)
FNDA:0,(anonymous_1)
FNDA:0,(anonymous_2)
FNDA:0,(anonymous_3)
FNDA:0,getCityFromCoords
FNDA:0,getBackgroundColor
FNDA:0,aggregateToFiveDay
FNDA:0,(anonymous_7)
FNDA:0,Home
FNDA:0,(anonymous_9)
FNDA:0,(anonymous_10)
FNDA:0,(anonymous_11)
FNDA:0,(anonymous_12)
FNDA:0,(anonymous_13)
FNDA:0,(anonymous_14)
FNDA:0,(anonymous_15)
FNDA:0,(anonymous_16)
FNDA:0,(anonymous_17)
FNDA:0,(anonymous_18)
FNDA:0,(anonymous_19)
FNDA:0,(anonymous_20)
FNDA:0,(anonymous_21)
FNDA:0,(anonymous_22)
FNDA:0,(anonymous_23)
FNDA:0,(anonymous_24)
FNDA:0,(anonymous_25)
FNDA:0,(anonymous_26)
FNDA:0,(anonymous_27)
FNDA:0,(anonymous_28)
FNDA:0,chunkArray
FNDA:0,(anonymous_30)
FNDA:0,(anonymous_31)
FNDA:0,(anonymous_32)
FNDA:0,(anonymous_33)
FNDA:0,(anonymous_34)
FNDA:0,(anonymous_35)
FNDA:0,(anonymous_36)
FNDA:0,(anonymous_37)
FNDA:0,(anonymous_38)
FNDA:0,(anonymous_39)
FNDA:0,(anonymous_40)
FNDA:0,(anonymous_41)
FNDA:0,getHourLabel
FNDA:0,ForecastSection
FNDA:0,(anonymous_44)
FNDA:0,(anonymous_45)
FNDA:0,(anonymous_46)
FNDA:0,(anonymous_47)
FNDA:0,(anonymous_48)
FNDA:0,(anonymous_49)
FNDA:0,(anonymous_50)
FNDA:0,(anonymous_51)
FNDA:0,(anonymous_52)
FNDA:0,(anonymous_53)
FNDA:0,(anonymous_54)
FNDA:0,(anonymous_55)
FNDA:0,(anonymous_56)
FNDA:0,(anonymous_57)
FNDA:0,(anonymous_58)
FNDA:0,(anonymous_59)
FNDA:0,(anonymous_60)
FNDA:0,(anonymous_61)
FNDA:0,(anonymous_62)
DA:34,0
DA:36,0
DA:37,0
DA:39,0
DA:41,0
DA:43,0
DA:45,0
DA:47,0
DA:49,0
DA:52,0
DA:54,0
DA:56,0
DA:60,0
DA:61,0
DA:62,0
DA:64,0
DA:70,0
DA:71,0
DA:72,0
DA:74,0
DA:97,0
DA:99,0
DA:100,0
DA:105,0
DA:106,0
DA:107,0
DA:110,0
DA:111,0
DA:113,0
DA:114,0
DA:116,0
DA:117,0
DA:119,0
DA:120,0
DA:124,0
DA:131,0
DA:134,0
DA:136,0
DA:138,0
DA:140,0
DA:141,0
DA:145,0
DA:150,0
DA:151,0
DA:155,0
DA:159,0
DA:165,0
DA:167,0
DA:169,0
DA:170,0
DA:175,0
DA:176,0
DA:177,0
DA:178,0
DA:181,0
DA:185,0
DA:194,0
DA:196,0
DA:198,0
DA:199,0
DA:200,0
DA:207,0
DA:208,0
DA:210,0
DA:211,0
DA:212,0
DA:213,0
DA:215,0
DA:219,0
DA:221,0
DA:223,0
DA:224,0
DA:225,0
DA:228,0
DA:229,0
DA:232,0
DA:233,0
DA:240,0
DA:244,0
DA:250,0
DA:251,0
DA:254,0
DA:259,0
DA:264,0
DA:268,0
DA:269,0
DA:270,0
DA:271,0
DA:272,0
DA:275,0
DA:276,0
DA:277,0
DA:278,0
DA:279,0
DA:280,0
DA:281,0
DA:282,0
DA:283,0
DA:284,0
DA:287,0
DA:288,0
DA:289,0
DA:290,0
DA:293,0
DA:295,0
DA:296,0
DA:299,0
DA:300,0
DA:301,0
DA:303,0
DA:304,0
DA:309,0
DA:314,0
DA:315,0
DA:316,0
DA:317,0
DA:318,0
DA:319,0
DA:320,0
DA:321,0
DA:322,0
DA:333,0
DA:334,0
DA:335,0
DA:336,0
DA:338,0
DA:343,0
DA:344,0
DA:345,0
DA:348,0
DA:349,0
DA:350,0
DA:351,0
DA:352,0
DA:356,0
DA:357,0
DA:362,0
DA:363,0
DA:368,0
DA:369,0
DA:375,0
DA:377,0
DA:381,0
DA:382,0
DA:383,0
DA:386,0
DA:387,0
DA:388,0
DA:389,0
DA:393,0
DA:394,0
DA:395,0
DA:396,0
DA:398,0
DA:399,0
DA:400,0
DA:404,0
DA:405,0
DA:410,0
DA:411,0
DA:421,0
DA:426,0
DA:427,0
DA:431,0
DA:432,0
DA:435,0
DA:436,0
DA:437,0
DA:438,0
DA:441,0
DA:442,0
DA:443,0
DA:447,0
DA:448,0
DA:453,0
DA:454,0
DA:459,0
DA:465,0
DA:468,0
DA:470,0
DA:471,0
DA:475,0
DA:476,0
DA:479,0
DA:483,0
DA:485,0
DA:486,0
DA:490,0
DA:491,0
DA:492,0
DA:494,0
DA:504,0
DA:505,0
DA:509,0
DA:512,0
DA:513,0
DA:514,0
DA:517,0
DA:522,0
DA:523,0
DA:524,0
DA:525,0
DA:526,0
DA:528,0
DA:532,0
DA:534,0
DA:541,0
DA:544,0
DA:545,0
DA:546,0
DA:549,0
DA:557,0
DA:561,0
DA:562,0
DA:567,0
DA:577,0
DA:579,0
DA:583,0
DA:584,0
DA:585,0
DA:586,0
DA:598,0
DA:599,0
DA:603,0
DA:606,0
DA:609,0
DA:610,0
DA:612,0
DA:615,0
DA:617,0
DA:621,0
DA:625,0
DA:626,0
DA:627,0
DA:631,0
DA:632,0
DA:633,0
DA:636,0
DA:648,0
DA:649,0
DA:650,0
DA:654,0
DA:655,0
DA:656,0
DA:657,0
DA:658,0
DA:660,0
DA:663,0
DA:668,0
DA:669,0
DA:674,0
DA:676,0
DA:677,0
DA:681,0
DA:682,0
DA:683,0
DA:686,0
DA:691,0
DA:692,0
DA:693,0
DA:696,0
DA:697,0
DA:698,0
DA:703,0
DA:707,0
DA:708,0
DA:709,0
DA:713,0
DA:714,0
DA:718,0
DA:720,0
DA:721,0
DA:722,0
DA:724,0
DA:725,0
DA:729,0
DA:730,0
DA:731,0
DA:734,0
DA:735,0
DA:738,0
DA:739,0
DA:744,0
DA:748,0
DA:773,0
DA:797,0
DA:800,0
DA:804,0
DA:809,0
DA:810,0
DA:814,0
DA:815,0
DA:816,0
DA:817,0
DA:818,0
DA:819,0
DA:823,0
DA:824,0
DA:825,0
DA:826,0
DA:827,0
DA:828,0
DA:829,0
DA:831,0
DA:834,0
DA:835,0
DA:836,0
DA:838,0
DA:840,0
DA:842,0
DA:843,0
DA:844,0
DA:846,0
DA:851,0
DA:852,0
DA:854,0
DA:859,0
DA:862,0
DA:870,0
DA:871,0
DA:876,0
DA:881,0
DA:886,0
DA:893,0
DA:894,0
DA:900,0
DA:901,0
DA:902,0
DA:903,0
DA:904,0
DA:907,0
DA:912,0
DA:913,0
DA:915,0
DA:916,0
DA:917,0
DA:918,0
DA:919,0
DA:922,0
DA:926,0
DA:927,0
DA:930,0
DA:933,0
DA:934,0
DA:935,0
DA:936,0
DA:937,0
DA:938,0
DA:942,0
DA:947,0
DA:950,0
DA:954,0
DA:955,0
DA:958,0
DA:961,0
DA:964,0
DA:975,0
DA:980,0
DA:983,0
DA:992,0
DA:994,0
DA:998,0
DA:999,0
DA:1000,0
DA:1003,0
DA:1004,0
DA:1005,0
DA:1006,0
DA:1007,0
DA:1008,0
DA:1013,0
DA:1014,0
DA:1018,0
DA:1019,0
DA:1020,0
DA:1022,0
DA:1023,0
DA:1025,0
DA:1026,0
DA:1028,0
DA:1029,0
DA:1032,0
DA:1036,0
DA:1039,0
DA:1040,0
DA:1042,0
DA:1044,0
DA:1045,0
DA:1048,0
DA:1049,0
DA:1055,0
DA:1056,0
DA:1057,0
DA:1059,0
DA:1061,0
DA:1062,0
DA:1063,0
DA:1068,0
DA:1069,0
DA:1071,0
DA:1077,0
DA:1080,0
DA:1081,0
DA:1082,0
DA:1084,0
DA:1088,0
DA:1089,0
DA:1094,0
DA:1097,0
DA:1099,0
DA:1100,0
DA:1101,0
DA:1102,0
DA:1107,0
DA:1114,0
DA:1117,0
DA:1120,0
DA:1123,0
DA:1126,0
DA:1132,0
DA:1133,0
DA:1135,0
DA:1141,0
DA:1143,0
DA:1145,0
DA:1149,0
DA:1151,0
DA:1154,0
DA:1156,0
DA:1157,0
DA:1161,0
DA:1162,0
DA:1166,0
DA:1167,0
DA:1170,0
DA:1171,0
DA:1174,0
DA:1175,0
DA:1176,0
DA:1177,0
DA:1179,0
DA:1183,0
DA:1184,0
DA:1185,0
DA:1186,0
DA:1187,0
DA:1188,0
DA:1189,0
DA:1190,0
DA:1191,0
DA:1194,0
DA:1197,0
DA:1198,0
DA:1200,0
DA:1201,0
DA:1207,0
DA:1208,0
DA:1216,0
DA:1222,0
DA:1228,0
DA:1229,0
DA:1233,0
DA:1234,0
DA:1240,0
DA:1243,0
DA:1251,0
DA:1252,0
DA:1253,0
DA:1254,0
DA:1260,0
DA:1261,0
DA:1262,0
DA:1263,0
DA:1264,0
DA:1265,0
DA:1266,0
DA:1271,0
DA:1272,0
DA:1299,0
DA:1302,0
DA:1305,0
DA:1306,0
DA:1309,0
DA:1355,0
DA:1358,0
DA:1359,0
DA:1360,0
DA:1361,0
DA:1363,0
DA:1364,0
DA:1365,0
DA:1366,0
DA:1367,0
DA:1371,0
DA:1372,0
DA:1373,0
DA:1374,0
DA:1375,0
DA:1377,0
DA:1381,0
DA:1382,0
DA:1383,0
DA:1384,0
DA:1388,0
DA:1394,0
DA:1395,0
DA:1399,0
DA:1400,0
DA:1402,0
DA:1403,0
DA:1404,0
DA:1408,0
DA:1411,0
DA:1424,0
DA:1425,0
DA:1426,0
DA:1430,0
DA:1433,0
DA:1437,0
DA:1439,0
DA:1442,0
DA:1450,0
DA:1451,0
DA:1454,0
DA:1458,0
DA:1459,0
DA:1460,0
DA:1465,0
DA:1466,0
DA:1469,0
DA:1470,0
DA:1471,0
DA:1474,0
DA:1475,0
DA:1476,0
DA:1479,0
DA:1480,0
DA:1483,0
DA:1484,0
DA:1485,0
DA:1490,0
DA:1491,0
DA:1492,0
DA:1495,0
DA:1500,0
DA:1501,0
DA:1503,0
DA:1505,0
DA:1509,0
DA:1510,0
DA:1511,0
DA:1515,0
DA:1516,0
DA:1517,0
DA:1520,0
DA:1521,0
DA:1523,0
DA:1525,0
DA:1529,0
DA:1530,0
DA:1533,0
DA:1536,0
DA:1537,0
DA:1540,0
DA:1545,0
DA:1546,0
DA:1564,0
DA:1576,0
DA:1577,0
DA:1597,0
DA:1598,0
DA:1601,0
DA:1612,0
DA:1635,0
LF:574
LH:0
BRDA:37,0,0,0
BRDA:37,0,1,0
BRDA:37,0,2,0
BRDA:37,0,3,0
BRDA:37,0,4,0
BRDA:37,0,5,0
BRDA:37,0,6,0
BRDA:37,0,7,0
BRDA:37,0,8,0
BRDA:37,0,9,0
BRDA:61,1,0,0
BRDA:61,1,1,0
BRDA:61,2,0,0
BRDA:61,2,1,0
BRDA:70,3,0,0
BRDA:72,4,0,0
BRDA:72,4,1,0
BRDA:105,5,0,0
BRDA:105,5,1,0
BRDA:105,6,0,0
BRDA:105,6,1,0
BRDA:110,7,0,0
BRDA:110,7,1,0
BRDA:113,8,0,0
BRDA:113,8,1,0
BRDA:116,9,0,0
BRDA:116,9,1,0
BRDA:119,10,0,0
BRDA:119,10,1,0
BRDA:136,11,0,0
BRDA:136,11,1,0
BRDA:136,12,0,0
BRDA:136,12,1,0
BRDA:140,13,0,0
BRDA:140,13,1,0
BRDA:140,14,0,0
BRDA:140,14,1,0
BRDA:145,15,0,0
BRDA:145,15,1,0
BRDA:146,16,0,0
BRDA:146,16,1,0
BRDA:150,17,0,0
BRDA:150,17,1,0
BRDA:150,18,0,0
BRDA:150,18,1,0
BRDA:155,19,0,0
BRDA:155,19,1,0
BRDA:156,20,0,0
BRDA:156,20,1,0
BRDA:175,21,0,0
BRDA:175,21,1,0
BRDA:175,22,0,0
BRDA:175,22,1,0
BRDA:176,23,0,0
BRDA:176,23,1,0
BRDA:176,24,0,0
BRDA:176,24,1,0
BRDA:177,25,0,0
BRDA:177,25,1,0
BRDA:177,26,0,0
BRDA:177,26,1,0
BRDA:185,27,0,0
BRDA:185,27,1,0
BRDA:185,28,0,0
BRDA:185,28,1,0
BRDA:198,29,0,0
BRDA:198,29,1,0
BRDA:198,30,0,0
BRDA:198,30,1,0
BRDA:198,30,2,0
BRDA:198,30,3,0
BRDA:208,31,0,0
BRDA:208,31,1,0
BRDA:208,32,0,0
BRDA:208,32,1,0
BRDA:211,33,0,0
BRDA:211,33,1,0
BRDA:221,34,0,0
BRDA:221,34,1,0
BRDA:221,35,0,0
BRDA:221,35,1,0
BRDA:232,36,0,0
BRDA:232,36,1,0
BRDA:235,37,0,0
BRDA:235,37,1,0
BRDA:235,37,2,0
BRDA:236,38,0,0
BRDA:236,38,1,0
BRDA:236,38,2,0
BRDA:237,39,0,0
BRDA:237,39,1,0
BRDA:242,40,0,0
BRDA:242,40,1,0
BRDA:242,40,2,0
BRDA:246,41,0,0
BRDA:246,41,1,0
BRDA:246,41,2,0
BRDA:250,42,0,0
BRDA:250,42,1,0
BRDA:251,43,0,0
BRDA:251,43,1,0
BRDA:315,44,0,0
BRDA:315,44,1,0
BRDA:315,45,0,0
BRDA:315,45,1,0
BRDA:316,46,0,0
BRDA:316,46,1,0
BRDA:321,47,0,0
BRDA:321,47,1,0
BRDA:335,48,0,0
BRDA:335,48,1,0
BRDA:349,49,0,0
BRDA:349,49,1,0
BRDA:362,50,0,0
BRDA:362,50,1,0
BRDA:362,51,0,0
BRDA:362,51,1,0
BRDA:386,52,0,0
BRDA:386,52,1,0
BRDA:386,53,0,0
BRDA:386,53,1,0
BRDA:395,54,0,0
BRDA:395,54,1,0
BRDA:396,55,0,0
BRDA:396,55,1,0
BRDA:404,56,0,0
BRDA:404,56,1,0
BRDA:404,57,0,0
BRDA:404,57,1,0
BRDA:410,58,0,0
BRDA:410,58,1,0
BRDA:431,59,0,0
BRDA:431,59,1,0
BRDA:441,60,0,0
BRDA:441,60,1,0
BRDA:504,61,0,0
BRDA:504,61,1,0
BRDA:512,62,0,0
BRDA:512,62,1,0
BRDA:512,63,0,0
BRDA:512,63,1,0
BRDA:525,64,0,0
BRDA:525,64,1,0
BRDA:541,65,0,0
BRDA:541,65,1,0
BRDA:546,66,0,0
BRDA:546,66,1,0
BRDA:557,67,0,0
BRDA:557,67,1,0
BRDA:561,68,0,0
BRDA:561,68,1,0
BRDA:598,69,0,0
BRDA:598,69,1,0
BRDA:607,70,0,0
BRDA:607,70,1,0
BRDA:609,71,0,0
BRDA:609,71,1,0
BRDA:609,72,0,0
BRDA:609,72,1,0
BRDA:615,73,0,0
BRDA:615,73,1,0
BRDA:631,74,0,0
BRDA:631,74,1,0
BRDA:648,75,0,0
BRDA:648,75,1,0
BRDA:657,76,0,0
BRDA:657,76,1,0
BRDA:664,77,0,0
BRDA:664,77,1,0
BRDA:691,78,0,0
BRDA:691,78,1,0
BRDA:696,79,0,0
BRDA:696,79,1,0
BRDA:713,80,0,0
BRDA:713,80,1,0
BRDA:724,81,0,0
BRDA:724,81,1,0
BRDA:724,82,0,0
BRDA:724,82,1,0
BRDA:773,83,0,0
BRDA:773,83,1,0
BRDA:825,84,0,0
BRDA:825,84,1,0
BRDA:843,85,0,0
BRDA:843,85,1,0
BRDA:870,86,0,0
BRDA:870,86,1,0
BRDA:900,87,0,0
BRDA:900,87,1,0
BRDA:908,88,0,0
BRDA:908,88,1,0
BRDA:912,89,0,0
BRDA:912,89,1,0
BRDA:913,90,0,0
BRDA:913,90,1,0
BRDA:915,91,0,0
BRDA:915,91,1,0
BRDA:915,92,0,0
BRDA:915,92,1,0
BRDA:926,93,0,0
BRDA:926,93,1,0
BRDA:927,94,0,0
BRDA:927,94,1,0
BRDA:965,95,0,0
BRDA:965,95,1,0
BRDA:1013,96,0,0
BRDA:1013,96,1,0
BRDA:1022,97,0,0
BRDA:1022,97,1,0
BRDA:1022,98,0,0
BRDA:1022,98,1,0
BRDA:1028,99,0,0
BRDA:1028,99,1,0
BRDA:1044,100,0,0
BRDA:1044,100,1,0
BRDA:1082,101,0,0
BRDA:1082,101,1,0
BRDA:1101,102,0,0
BRDA:1101,102,1,0
BRDA:1101,103,0,0
BRDA:1101,103,1,0
BRDA:1109,104,0,0
BRDA:1109,104,1,0
BRDA:1132,105,0,0
BRDA:1132,105,1,0
BRDA:1136,106,0,0
BRDA:1136,106,1,0
BRDA:1158,107,0,0
BRDA:1158,107,1,0
BRDA:1175,108,0,0
BRDA:1175,108,1,0
BRDA:1216,109,0,0
BRDA:1216,109,1,0
BRDA:1216,110,0,0
BRDA:1216,110,1,0
BRDA:1216,110,2,0
BRDA:1222,111,0,0
BRDA:1222,111,1,0
BRDA:1222,112,0,0
BRDA:1222,112,1,0
BRDA:1222,112,2,0
BRDA:1228,113,0,0
BRDA:1228,113,1,0
BRDA:1229,114,0,0
BRDA:1229,114,1,0
BRDA:1230,115,0,0
BRDA:1230,115,1,0
BRDA:1260,116,0,0
BRDA:1260,116,1,0
BRDA:1263,117,0,0
BRDA:1263,117,1,0
BRDA:1265,118,0,0
BRDA:1265,118,1,0
BRDA:1271,119,0,0
BRDA:1271,119,1,0
BRDA:1271,120,0,0
BRDA:1271,120,1,0
BRDA:1299,121,0,0
BRDA:1299,121,1,0
BRDA:1302,122,0,0
BRDA:1302,122,1,0
BRDA:1306,123,0,0
BRDA:1306,123,1,0
BRDA:1326,124,0,0
BRDA:1326,124,1,0
BRDA:1364,125,0,0
BRDA:1364,125,1,0
BRDA:1364,126,0,0
BRDA:1364,126,1,0
BRDA:1382,127,0,0
BRDA:1382,127,1,0
BRDA:1394,128,0,0
BRDA:1394,128,1,0
BRDA:1402,129,0,0
BRDA:1402,129,1,0
BRDA:1402,130,0,0
BRDA:1402,130,1,0
BRDA:1424,131,0,0
BRDA:1424,131,1,0
BRDA:1428,132,0,0
BRDA:1428,132,1,0
BRDA:1444,133,0,0
BRDA:1444,133,1,0
BRDA:1459,134,0,0
BRDA:1459,134,1,0
BRDA:1465,135,0,0
BRDA:1465,135,1,0
BRDA:1465,136,0,0
BRDA:1465,136,1,0
BRDA:1483,137,0,0
BRDA:1483,137,1,0
BRDA:1490,138,0,0
BRDA:1490,138,1,0
BRDA:1491,139,0,0
BRDA:1491,139,1,0
BRDA:1500,140,0,0
BRDA:1500,140,1,0
BRDA:1500,141,0,0
BRDA:1500,141,1,0
BRDA:1520,142,0,0
BRDA:1520,142,1,0
BRDA:1520,143,0,0
BRDA:1520,143,1,0
BRDA:1564,144,0,0
BRDA:1564,144,1,0
BRDA:1564,144,2,0
BRDA:1576,145,0,0
BRDA:1576,145,1,0
BRDA:1597,146,0,0
BRDA:1597,146,1,0
BRDA:1618,147,0,0
BRDA:1618,147,1,0
BRDA:1656,148,0,0
BRDA:1656,148,1,0
BRF:314
BRH:0
end_of_record
TN:
SF:src/app/index.tsx
FN:5,Index
FN:6,(anonymous_1)
FN:7,(anonymous_2)
FN:11,(anonymous_3)
FNF:4
FNH:0
FNDA:0,Index
FNDA:0,(anonymous_1)
FNDA:0,(anonymous_2)
FNDA:0,(anonymous_3)
DA:6,0
DA:7,0
DA:8,0
DA:11,0
DA:14,0
LF:5
LH:0
BRF:0
BRH:0
end_of_record
TN:
SF:src/app/location-permission.tsx
FN:8,LocationPermission
FN:11,(anonymous_1)
FNF:2
FNH:0
FNDA:0,LocationPermission
FNDA:0,(anonymous_1)
DA:9,0
DA:11,0
DA:12,0
DA:13,0
DA:14,0
DA:15,0
DA:16,0
DA:17,0
DA:18,0
DA:19,0
DA:20,0
DA:22,0
DA:27,0
DA:28,0
DA:30,0
DA:33,0
DA:35,0
DA:38,0
LF:18
LH:0
BRDA:14,0,0,0
BRDA:14,0,1,0
BRDA:17,1,0,0
BRDA:17,1,1,0
BRDA:27,2,0,0
BRDA:27,2,1,0
BRDA:81,3,0,0
BRDA:81,3,1,0
BRF:8
BRH:0
end_of_record
TN:
SF:src/app/login.tsx
FN:18,Login
FN:27,(anonymous_1)
FN:28,(anonymous_2)
FN:45,(anonymous_3)
FN:51,(anonymous_4)
FN:69,(anonymous_5)
FN:75,(anonymous_6)
FN:100,(anonymous_7)
FN:110,(anonymous_8)
FN:119,(anonymous_9)
FNF:10
FNH:0
FNDA:0,Login
FNDA:0,(anonymous_1)
FNDA:0,(anonymous_2)
FNDA:0,(anonymous_3)
FNDA:0,(anonymous_4)
FNDA:0,(anonymous_5)
FNDA:0,(anonymous_6)
FNDA:0,(anonymous_7)
FNDA:0,(anonymous_8)
FNDA:0,(anonymous_9)
DA:1,0
DA:13,0
DA:19,0
DA:20,0
DA:21,0
DA:22,0
DA:23,0
DA:24,0
DA:25,0
DA:27,0
DA:28,0
DA:29,0
DA:30,0
DA:31,0
DA:45,0
DA:46,0
DA:47,0
DA:51,0
DA:52,0
DA:53,0
DA:54,0
DA:69,0
DA:70,0
DA:71,0
DA:75,0
DA:76,0
DA:77,0
DA:79,0
DA:80,0
DA:85,0
DA:86,0
DA:87,0
DA:91,0
DA:92,0
DA:93,0
DA:94,0
DA:95,0
DA:96,0
DA:98,0
DA:99,0
DA:100,0
DA:101,0
DA:102,0
DA:104,0
DA:110,0
DA:111,0
DA:112,0
DA:113,0
DA:115,0
DA:119,0
DA:120,0
DA:121,0
DA:122,0
DA:124,0
DA:125,0
DA:129,0
LF:56
LH:0
BRDA:46,0,0,0
BRDA:46,0,1,0
BRDA:77,1,0,0
BRDA:77,1,1,0
BRDA:85,2,0,0
BRDA:85,2,1,0
BRDA:85,3,0,0
BRDA:85,3,1,0
BRDA:91,4,0,0
BRDA:91,4,1,0
BRDA:93,5,0,0
BRDA:93,5,1,0
BRDA:95,6,0,0
BRDA:95,6,1,0
BRDA:99,7,0,0
BRDA:99,7,1,0
BRDA:101,8,0,0
BRDA:101,8,1,0
BRDA:112,9,0,0
BRDA:112,9,1,0
BRDA:121,10,0,0
BRDA:121,10,1,0
BRDA:142,11,0,0
BRDA:142,11,1,0
BRDA:149,12,0,0
BRDA:149,12,1,0
BRF:26
BRH:0
end_of_record
TN:
SF:src/app/phone-number-add.tsx
FN:12,PhoneNumberAdd
FN:19,(anonymous_1)
FN:58,(anonymous_2)
FNF:3
FNH:0
FNDA:0,PhoneNumberAdd
FNDA:0,(anonymous_1)
FNDA:0,(anonymous_2)
DA:10,0
DA:13,0
DA:14,0
DA:15,0
DA:16,0
DA:17,0
DA:19,0
DA:20,0
DA:21,0
DA:22,0
DA:24,0
DA:25,0
DA:26,0
DA:27,0
DA:28,0
DA:29,0
DA:30,0
DA:32,0
DA:33,0
DA:34,0
DA:36,0
DA:38,0
DA:41,0
DA:59,0
DA:60,0
DA:92,0
LF:26
LH:0
BRDA:20,0,0,0
BRDA:20,0,1,0
BRDA:27,1,0,0
BRDA:27,1,1,0
BRDA:27,2,0,0
BRDA:27,2,1,0
BRDA:33,3,0,0
BRDA:33,3,1,0
BRDA:44,4,0,0
BRDA:44,4,1,0
BRDA:45,5,0,0
BRDA:45,5,1,0
BRDA:60,6,0,0
BRDA:60,6,1,0
BRDA:73,7,0,0
BRDA:73,7,1,0
BRDA:76,8,0,0
BRDA:76,8,1,0
BRDA:76,8,2,0
BRDA:78,9,0,0
BRDA:78,9,1,0
BRDA:78,9,2,0
BRDA:81,10,0,0
BRDA:81,10,1,0
BRF:24
BRH:0
end_of_record
TN:
SF:src/app/selfie.tsx
FN:19,Selfie
FN:29,(anonymous_1)
FN:33,(anonymous_2)
FN:37,(anonymous_3)
FN:39,(anonymous_4)
FN:46,(anonymous_5)
FN:48,(anonymous_6)
FN:55,(anonymous_7)
FN:166,(anonymous_8)
FNF:9
FNH:0
FNDA:0,Selfie
FNDA:0,(anonymous_1)
FNDA:0,(anonymous_2)
FNDA:0,(anonymous_3)
FNDA:0,(anonymous_4)
FNDA:0,(anonymous_5)
FNDA:0,(anonymous_6)
FNDA:0,(anonymous_7)
FNDA:0,(anonymous_8)
DA:8,0
DA:9,0
DA:11,0
DA:20,0
DA:21,0
DA:22,0
DA:23,0
DA:24,0
DA:25,0
DA:27,0
DA:29,0
DA:30,0
DA:31,0
DA:32,0
DA:33,0
DA:37,0
DA:38,0
DA:39,0
DA:40,0
DA:41,0
DA:42,0
DA:46,0
DA:47,0
DA:48,0
DA:49,0
DA:51,0
DA:55,0
DA:56,0
DA:57,0
DA:58,0
DA:59,0
DA:60,0
DA:64,0
DA:65,0
DA:67,0
DA:69,0
DA:73,0
DA:74,0
DA:82,0
DA:83,0
DA:91,0
DA:92,0
DA:105,0
DA:167,0
LF:44
LH:0
BRDA:30,0,0,0
BRDA:30,0,1,0
BRDA:47,1,0,0
BRDA:47,1,1,0
BRDA:59,2,0,0
BRDA:59,2,1,0
BRDA:64,3,0,0
BRDA:64,3,1,0
BRDA:73,4,0,0
BRDA:73,4,1,0
BRDA:82,5,0,0
BRDA:82,5,1,0
BRDA:91,6,0,0
BRDA:91,6,1,0
BRDA:125,7,0,0
BRDA:125,7,1,0
BRDA:183,8,0,0
BRDA:183,8,1,0
BRDA:203,9,0,0
BRDA:203,9,1,0
BRF:20
BRH:0
end_of_record
TN:
SF:src/components/AddFriendsCard.tsx
FN:10,(anonymous_0)
FNF:1
FNH:0
FNDA:0,(anonymous_0)
DA:10,0
DA:14,0
LF:2
LH:0
BRF:0
BRH:0
end_of_record
TN:
SF:src/components/DirtParticles.tsx
FN:27,(anonymous_0)
FN:37,(anonymous_1)
FN:40,(anonymous_2)
FN:50,(anonymous_3)
FN:54,(anonymous_4)
FN:65,(anonymous_5)
FN:81,(anonymous_6)
FN:91,(anonymous_7)
FN:136,(anonymous_8)
FN:155,(anonymous_9)
FN:180,(anonymous_10)
FNF:11
FNH:0
FNDA:0,(anonymous_0)
FNDA:0,(anonymous_1)
FNDA:0,(anonymous_2)
FNDA:0,(anonymous_3)
FNDA:0,(anonymous_4)
FNDA:0,(anonymous_5)
FNDA:0,(anonymous_6)
FNDA:0,(anonymous_7)
FNDA:0,(anonymous_8)
FNDA:0,(anonymous_9)
FNDA:0,(anonymous_10)
DA:27,0
DA:32,0
DA:33,0
DA:34,0
DA:37,0
DA:38,0
DA:39,0
DA:40,0
DA:50,0
DA:54,0
DA:55,0
DA:56,0
DA:57,0
DA:61,0
DA:63,0
DA:66,0
DA:81,0
DA:85,0
DA:86,0
DA:87,0
DA:88,0
DA:89,0
DA:91,0
DA:93,0
DA:94,0
DA:95,0
DA:96,0
DA:97,0
DA:101,0
DA:104,0
DA:107,0
DA:108,0
DA:111,0
DA:114,0
DA:124,0
DA:125,0
DA:128,0
DA:138,0
DA:147,0
DA:156,0
DA:162,0
DA:171,0
DA:180,0
DA:191,0
DA:192,0
DA:194,0
DA:208,0
LF:47
LH:0
BRDA:38,0,0,0
BRDA:38,0,1,0
BRDA:56,1,0,0
BRDA:56,1,1,0
BRDA:56,2,0,0
BRDA:56,2,1,0
BRDA:61,3,0,0
BRDA:61,3,1,0
BRF:8
BRH:0
end_of_record
TN:
SF:src/components/DropdownMenu.tsx
FN:14,(anonymous_0)
FN:60,(anonymous_1)
FN:76,(anonymous_2)
FN:96,(anonymous_3)
FN:112,(anonymous_4)
FNF:5
FNH:0
FNDA:0,(anonymous_0)
FNDA:0,(anonymous_1)
FNDA:0,(anonymous_2)
FNDA:0,(anonymous_3)
FNDA:0,(anonymous_4)
DA:14,0
DA:22,0
DA:61,0
DA:62,0
DA:77,0
DA:78,0
DA:97,0
DA:98,0
DA:113,0
DA:114,0
LF:10
LH:0
BRDA:86,0,0,0
BRDA:86,0,1,0
BRDA:90,1,0,0
BRDA:90,1,1,0
BRF:4
BRH:0
end_of_record
TN:
SF:src/components/ErrorBoundary.tsx
FN:13,(anonymous_0)
FN:18,(anonymous_1)
FN:22,(anonymous_2)
FN:27,(anonymous_3)
FN:58,(anonymous_4)
FNF:5
FNH:0
FNDA:0,(anonymous_0)
FNDA:0,(anonymous_1)
FNDA:0,(anonymous_2)
FNDA:0,(anonymous_3)
FNDA:0,(anonymous_4)
DA:14,0
DA:15,0
DA:19,0
DA:23,0
DA:24,0
DA:28,0
DA:29,0
DA:58,0
DA:74,0
LF:9
LH:0
BRDA:28,0,0,0
BRDA:28,0,1,0
BRF:2
BRH:0
end_of_record
TN:
SF:src/components/FiveDayForecast.tsx
FN:16,(anonymous_0)
FN:22,(anonymous_1)
FN:28,(anonymous_2)
FNF:3
FNH:0
FNDA:0,(anonymous_0)
FNDA:0,(anonymous_1)
FNDA:0,(anonymous_2)
DA:16,0
DA:17,0
DA:18,0
DA:19,0
DA:22,0
DA:26,0
DA:29,0
DA:49,0
LF:8
LH:0
BRDA:17,0,0,0
BRDA:17,0,1,0
BRF:2
BRH:0
end_of_record
TN:
SF:src/components/FriendCard.tsx
FN:18,(anonymous_0)
FN:40,(anonymous_1)
FN:61,getWeatherDescription
FN:85,(anonymous_3)
FN:95,(anonymous_4)
FN:236,(anonymous_5)
FNF:6
FNH:0
FNDA:0,(anonymous_0)
FNDA:0,(anonymous_1)
FNDA:0,getWeatherDescription
FNDA:0,(anonymous_3)
FNDA:0,(anonymous_4)
FNDA:0,(anonymous_5)
DA:18,0
DA:19,0
DA:21,0
DA:23,0
DA:29,0
DA:31,0
DA:33,0
DA:35,0
DA:40,0
DA:41,0
DA:43,0
DA:45,0
DA:51,0
DA:53,0
DA:55,0
DA:57,0
DA:62,0
DA:64,0
DA:66,0
DA:68,0
DA:70,0
DA:72,0
DA:74,0
DA:77,0
DA:79,0
DA:81,0
DA:85,0
DA:95,0
DA:96,0
DA:99,0
DA:236,0
LF:31
LH:0
BRDA:19,0,0,0
BRDA:19,0,1,0
BRDA:19,0,2,0
BRDA:19,0,3,0
BRDA:19,0,4,0
BRDA:19,0,5,0
BRDA:19,0,6,0
BRDA:19,0,7,0
BRDA:19,0,8,0
BRDA:19,0,9,0
BRDA:41,1,0,0
BRDA:41,1,1,0
BRDA:41,1,2,0
BRDA:41,1,3,0
BRDA:41,1,4,0
BRDA:41,1,5,0
BRDA:41,1,6,0
BRDA:41,1,7,0
BRDA:41,1,8,0
BRDA:41,1,9,0
BRDA:62,2,0,0
BRDA:62,2,1,0
BRDA:62,2,2,0
BRDA:62,2,3,0
BRDA:62,2,4,0
BRDA:62,2,5,0
BRDA:62,2,6,0
BRDA:62,2,7,0
BRDA:62,2,8,0
BRDA:62,2,9,0
BRDA:129,3,0,0
BRDA:129,3,1,0
BRDA:141,4,0,0
BRDA:141,4,1,0
BRDA:159,5,0,0
BRDA:159,5,1,0
BRDA:187,6,0,0
BRDA:187,6,1,0
BRDA:187,7,0,0
BRDA:187,7,1,0
BRDA:217,8,0,0
BRDA:217,8,1,0
BRDA:224,9,0,0
BRDA:224,9,1,0
BRDA:234,10,0,0
BRDA:234,10,1,0
BRDA:238,11,0,0
BRDA:238,11,1,0
BRF:48
BRH:0
end_of_record
TN:
SF:src/components/GardenArea.tsx
FN:54,(anonymous_0)
FN:72,(anonymous_1)
FN:80,(anonymous_2)
FN:82,(anonymous_3)
FN:88,(anonymous_4)
FN:124,(anonymous_5)
FN:137,(anonymous_6)
FN:154,(anonymous_7)
FN:159,(anonymous_8)
FN:167,(anonymous_9)
FN:176,(anonymous_10)
FN:179,(anonymous_11)
FN:181,(anonymous_12)
FN:210,(anonymous_13)
FN:219,(anonymous_14)
FN:225,(anonymous_15)
FN:238,(anonymous_16)
FN:246,(anonymous_17)
FN:286,(anonymous_18)
FN:290,(anonymous_19)
FN:372,(anonymous_20)
FN:378,(anonymous_21)
FN:419,(anonymous_22)
FNF:23
FNH:0
FNDA:0,(anonymous_0)
FNDA:0,(anonymous_1)
FNDA:0,(anonymous_2)
FNDA:0,(anonymous_3)
FNDA:0,(anonymous_4)
FNDA:0,(anonymous_5)
FNDA:0,(anonymous_6)
FNDA:0,(anonymous_7)
FNDA:0,(anonymous_8)
FNDA:0,(anonymous_9)
FNDA:0,(anonymous_10)
FNDA:0,(anonymous_11)
FNDA:0,(anonymous_12)
FNDA:0,(anonymous_13)
FNDA:0,(anonymous_14)
FNDA:0,(anonymous_15)
FNDA:0,(anonymous_16)
FNDA:0,(anonymous_17)
FNDA:0,(anonymous_18)
FNDA:0,(anonymous_19)
FNDA:0,(anonymous_20)
FNDA:0,(anonymous_21)
FNDA:0,(anonymous_22)
DA:16,0
DA:49,0
DA:50,0
DA:52,0
DA:54,0
DA:62,0
DA:65,0
DA:66,0
DA:67,0
DA:68,0
DA:69,0
DA:72,0
DA:73,0
DA:74,0
DA:77,0
DA:79,0
DA:81,0
DA:82,0
DA:86,0
DA:88,0
DA:89,0
DA:92,0
DA:98,0
DA:99,0
DA:106,0
DA:112,0
DA:113,0
DA:115,0
DA:116,0
DA:119,0
DA:124,0
DA:125,0
DA:128,0
DA:133,0
DA:134,0
DA:137,0
DA:138,0
DA:139,0
DA:142,0
DA:145,0
DA:151,0
DA:154,0
DA:155,0
DA:159,0
DA:160,0
DA:161,0
DA:162,0
DA:166,0
DA:167,0
DA:168,0
DA:169,0
DA:174,0
DA:176,0
DA:179,0
DA:180,0
DA:181,0
DA:182,0
DA:184,0
DA:185,0
DA:198,0
DA:203,0
DA:206,0
DA:210,0
DA:211,0
DA:214,0
DA:219,0
DA:220,0
DA:221,0
DA:225,0
DA:226,0
DA:228,0
DA:229,0
DA:238,0
DA:239,0
DA:240,0
DA:243,0
DA:246,0
DA:247,0
DA:249,0
DA:265,0
DA:281,0
DA:282,0
DA:286,0
DA:290,0
DA:294,0
DA:349,0
DA:373,0
DA:375,0
DA:378,0
DA:410,0
DA:411,0
DA:413,0
DA:419,0
LF:93
LH:0
BRDA:73,0,0,0
BRDA:73,0,1,0
BRDA:77,1,0,0
BRDA:77,1,1,0
BRDA:86,2,0,0
BRDA:86,2,1,0
BRDA:86,3,0,0
BRDA:86,3,1,0
BRDA:98,4,0,0
BRDA:98,4,1,0
BRDA:133,5,0,0
BRDA:133,5,1,0
BRDA:138,6,0,0
BRDA:138,6,1,0
BRDA:151,7,0,0
BRDA:151,7,1,0
BRDA:167,8,0,0
BRDA:167,8,1,0
BRDA:168,9,0,0
BRDA:168,9,1,0
BRDA:176,10,0,0
BRDA:176,10,1,0
BRDA:182,11,0,0
BRDA:182,11,1,0
BRDA:184,12,0,0
BRDA:184,12,1,0
BRDA:184,12,2,0
BRDA:185,13,0,0
BRDA:185,13,1,0
BRDA:188,14,0,0
BRDA:188,14,1,0
BRDA:189,15,0,0
BRDA:189,15,1,0
BRDA:194,16,0,0
BRDA:194,16,1,0
BRDA:211,17,0,0
BRDA:211,17,1,0
BRDA:220,18,0,0
BRDA:220,18,1,0
BRDA:226,19,0,0
BRDA:226,19,1,0
BRDA:229,20,0,0
BRDA:229,20,1,0
BRDA:243,21,0,0
BRDA:243,21,1,0
BRDA:247,22,0,0
BRDA:247,22,1,0
BRDA:373,23,0,0
BRDA:373,23,1,0
BRDA:410,24,0,0
BRDA:410,24,1,0
BRDA:410,24,2,0
BRDA:411,25,0,0
BRDA:411,25,1,0
BRDA:415,26,0,0
BRDA:415,26,1,0
BRF:56
BRH:0
end_of_record
TN:
SF:src/components/Plant.tsx
FN:7,(anonymous_0)
FN:31,(anonymous_1)
FNF:2
FNH:0
FNDA:0,(anonymous_0)
FNDA:0,(anonymous_1)
DA:7,0
DA:8,0
DA:9,0
DA:11,0
DA:13,0
DA:15,0
DA:19,0
DA:23,0
DA:27,0
DA:31,0
DA:32,0
DA:33,0
LF:12
LH:0
BRDA:9,0,0,0
BRDA:9,0,1,0
BRDA:9,0,2,0
BRDA:9,0,3,0
BRDA:9,0,4,0
BRDA:9,0,5,0
BRF:6
BRH:0
end_of_record
TN:
SF:src/components/PlantDetailsModal.tsx
FN:37,(anonymous_0)
FN:50,(anonymous_1)
FN:96,(anonymous_2)
FN:184,(anonymous_3)
FN:301,(anonymous_4)
FN:319,(anonymous_5)
FN:337,(anonymous_6)
FN:384,(anonymous_7)
FN:564,(anonymous_8)
FN:654,(anonymous_9)
FNF:10
FNH:0
FNDA:0,(anonymous_0)
FNDA:0,(anonymous_1)
FNDA:0,(anonymous_2)
FNDA:0,(anonymous_3)
FNDA:0,(anonymous_4)
FNDA:0,(anonymous_5)
FNDA:0,(anonymous_6)
FNDA:0,(anonymous_7)
FNDA:0,(anonymous_8)
FNDA:0,(anonymous_9)
DA:37,0
DA:47,0
DA:50,0
DA:52,0
DA:54,0
DA:55,0
DA:63,0
DA:69,0
DA:71,0
DA:87,0
DA:91,0
DA:96,0
DA:101,0
DA:104,0
DA:105,0
DA:114,0
DA:120,0
DA:122,0
DA:125,0
DA:131,0
DA:138,0
DA:145,0
DA:146,0
DA:149,0
DA:156,0
DA:163,0
DA:167,0
DA:170,0
DA:173,0
DA:184,0
DA:185,0
DA:193,0
DA:194,0
DA:195,0
DA:199,0
DA:200,0
DA:202,0
DA:205,0
DA:206,0
DA:207,0
DA:216,0
DA:217,0
DA:218,0
DA:222,0
DA:225,0
DA:228,0
DA:229,0
DA:235,0
DA:236,0
DA:240,0
DA:244,0
DA:247,0
DA:248,0
DA:253,0
DA:256,0
DA:260,0
DA:265,0
DA:266,0
DA:268,0
DA:273,0
DA:274,0
DA:275,0
DA:276,0
DA:280,0
DA:285,0
DA:288,0
DA:289,0
DA:290,0
DA:292,0
DA:293,0
DA:301,0
DA:302,0
DA:303,0
DA:304,0
DA:305,0
DA:307,0
DA:308,0
DA:309,0
DA:310,0
DA:313,0
DA:319,0
DA:320,0
DA:322,0
DA:324,0
DA:326,0
DA:328,0
DA:330,0
DA:332,0
DA:337,0
DA:338,0
DA:341,0
DA:342,0
DA:375,0
DA:382,0
DA:384,0
DA:385,0
DA:398,0
DA:399,0
DA:402,0
DA:405,0
DA:413,0
DA:565,0
DA:566,0
DA:567,0
DA:568,0
DA:569,0
DA:571,0
DA:572,0
DA:576,0
DA:655,0
DA:690,0
LF:111
LH:0
BRDA:43,0,0,0
BRDA:52,1,0,0
BRDA:52,1,1,0
BRDA:52,2,0,0
BRDA:52,2,1,0
BRDA:54,3,0,0
BRDA:54,3,1,0
BRDA:54,3,2,0
BRDA:55,4,0,0
BRDA:55,4,1,0
BRDA:58,5,0,0
BRDA:58,5,1,0
BRDA:59,6,0,0
BRDA:59,6,1,0
BRDA:69,7,0,0
BRDA:69,7,1,0
BRDA:101,8,0,0
BRDA:101,8,1,0
BRDA:104,9,0,0
BRDA:104,9,1,0
BRDA:104,9,2,0
BRDA:105,10,0,0
BRDA:105,10,1,0
BRDA:108,11,0,0
BRDA:108,11,1,0
BRDA:109,12,0,0
BRDA:109,12,1,0
BRDA:120,13,0,0
BRDA:120,13,1,0
BRDA:120,13,2,0
BRDA:122,14,0,0
BRDA:122,14,1,0
BRDA:122,14,2,0
BRDA:167,15,0,0
BRDA:167,15,1,0
BRDA:170,16,0,0
BRDA:170,16,1,0
BRDA:193,17,0,0
BRDA:193,17,1,0
BRDA:193,18,0,0
BRDA:193,18,1,0
BRDA:216,19,0,0
BRDA:216,19,1,0
BRDA:228,20,0,0
BRDA:228,20,1,0
BRDA:228,21,0,0
BRDA:228,21,1,0
BRDA:235,22,0,0
BRDA:235,22,1,0
BRDA:247,23,0,0
BRDA:247,23,1,0
BRDA:247,24,0,0
BRDA:247,24,1,0
BRDA:266,25,0,0
BRDA:266,25,1,0
BRDA:273,26,0,0
BRDA:273,26,1,0
BRDA:273,27,0,0
BRDA:273,27,1,0
BRDA:274,28,0,0
BRDA:274,28,1,0
BRDA:289,29,0,0
BRDA:289,29,1,0
BRDA:303,30,0,0
BRDA:303,30,1,0
BRDA:304,31,0,0
BRDA:304,31,1,0
BRDA:305,32,0,0
BRDA:305,32,1,0
BRDA:307,33,0,0
BRDA:307,33,1,0
BRDA:308,34,0,0
BRDA:308,34,1,0
BRDA:309,35,0,0
BRDA:309,35,1,0
BRDA:310,36,0,0
BRDA:310,36,1,0
BRDA:313,37,0,0
BRDA:313,37,1,0
BRDA:320,38,0,0
BRDA:320,38,1,0
BRDA:320,38,2,0
BRDA:320,38,3,0
BRDA:320,38,4,0
BRDA:320,38,5,0
BRDA:338,39,0,0
BRDA:338,39,1,0
BRDA:376,40,0,0
BRDA:376,40,1,0
BRDA:398,41,0,0
BRDA:398,41,1,0
BRDA:456,42,0,0
BRDA:456,42,1,0
BRDA:456,43,0,0
BRDA:456,43,1,0
BRDA:469,44,0,0
BRDA:469,44,1,0
BRDA:475,45,0,0
BRDA:475,45,1,0
BRDA:483,46,0,0
BRDA:483,46,1,0
BRDA:488,47,0,0
BRDA:488,47,1,0
BRDA:496,48,0,0
BRDA:496,48,1,0
BRDA:510,49,0,0
BRDA:510,49,1,0
BRDA:512,50,0,0
BRDA:512,50,1,0
BRDA:526,51,0,0
BRDA:526,51,1,0
BRDA:528,52,0,0
BRDA:528,52,1,0
BRDA:567,53,0,0
BRDA:567,53,1,0
BRDA:573,54,0,0
BRDA:573,54,1,0
BRDA:584,55,0,0
BRDA:584,55,1,0
BRDA:584,56,0,0
BRDA:584,56,1,0
BRDA:592,57,0,0
BRDA:592,57,1,0
BRDA:592,58,0,0
BRDA:592,58,1,0
BRDA:603,59,0,0
BRDA:603,59,1,0
BRDA:638,60,0,0
BRDA:638,60,1,0
BRDA:668,61,0,0
BRDA:668,61,1,0
BRDA:668,62,0,0
BRDA:668,62,1,0
BRF:133
BRH:0
end_of_record
TN:
SF:src/components/PlantPicker.tsx
FN:16,(anonymous_0)
FN:34,(anonymous_1)
FN:42,(anonymous_2)
FN:51,(anonymous_3)
FN:52,(anonymous_4)
FN:58,(anonymous_5)
FN:66,(anonymous_6)
FN:91,(anonymous_7)
FN:95,(anonymous_8)
FN:96,(anonymous_9)
FN:99,(anonymous_10)
FN:142,(anonymous_11)
FNF:12
FNH:0
FNDA:0,(anonymous_0)
FNDA:0,(anonymous_1)
FNDA:0,(anonymous_2)
FNDA:0,(anonymous_3)
FNDA:0,(anonymous_4)
FNDA:0,(anonymous_5)
FNDA:0,(anonymous_6)
FNDA:0,(anonymous_7)
FNDA:0,(anonymous_8)
FNDA:0,(anonymous_9)
FNDA:0,(anonymous_10)
FNDA:0,(anonymous_11)
DA:16,0
DA:17,0
DA:26,0
DA:27,0
DA:34,0
DA:42,0
DA:43,0
DA:44,0
DA:46,0
DA:48,0
DA:51,0
DA:52,0
DA:53,0
DA:58,0
DA:59,0
DA:63,0
DA:67,0
DA:92,0
DA:95,0
DA:97,0
DA:100,0
DA:143,0
DA:159,0
LF:23
LH:0
BRDA:27,0,0,0
BRDA:27,0,1,0
BRDA:59,1,0,0
BRDA:59,1,1,0
BRDA:92,2,0,0
BRDA:92,2,1,0
BRDA:93,3,0,0
BRDA:93,3,1,0
BRDA:126,4,0,0
BRDA:126,4,1,0
BRF:10
BRH:0
end_of_record
TN:
SF:src/components/UserCard.tsx
FN:22,(anonymous_0)
FN:44,(anonymous_1)
FN:65,getWeatherDescription
FN:89,(anonymous_3)
FN:269,(anonymous_4)
FNF:5
FNH:0
FNDA:0,(anonymous_0)
FNDA:0,(anonymous_1)
FNDA:0,getWeatherDescription
FNDA:0,(anonymous_3)
FNDA:0,(anonymous_4)
DA:22,0
DA:23,0
DA:25,0
DA:27,0
DA:33,0
DA:35,0
DA:37,0
DA:39,0
DA:44,0
DA:45,0
DA:47,0
DA:49,0
DA:55,0
DA:57,0
DA:59,0
DA:61,0
DA:66,0
DA:68,0
DA:70,0
DA:72,0
DA:74,0
DA:76,0
DA:78,0
DA:81,0
DA:83,0
DA:85,0
DA:89,0
DA:102,0
DA:270,0
LF:29
LH:0
BRDA:23,0,0,0
BRDA:23,0,1,0
BRDA:23,0,2,0
BRDA:23,0,3,0
BRDA:23,0,4,0
BRDA:23,0,5,0
BRDA:23,0,6,0
BRDA:23,0,7,0
BRDA:23,0,8,0
BRDA:23,0,9,0
BRDA:45,1,0,0
BRDA:45,1,1,0
BRDA:45,1,2,0
BRDA:45,1,3,0
BRDA:45,1,4,0
BRDA:45,1,5,0
BRDA:45,1,6,0
BRDA:45,1,7,0
BRDA:45,1,8,0
BRDA:45,1,9,0
BRDA:66,2,0,0
BRDA:66,2,1,0
BRDA:66,2,2,0
BRDA:66,2,3,0
BRDA:66,2,4,0
BRDA:66,2,5,0
BRDA:66,2,6,0
BRDA:66,2,7,0
BRDA:66,2,8,0
BRDA:66,2,9,0
BRDA:170,3,0,0
BRDA:170,3,1,0
BRDA:170,3,2,0
BRDA:170,3,3,0
BRDA:200,4,0,0
BRDA:200,4,1,0
BRDA:200,5,0,0
BRDA:200,5,1,0
BRDA:200,5,2,0
BRDA:200,5,3,0
BRDA:236,6,0,0
BRDA:236,6,1,0
BRDA:236,7,0,0
BRDA:236,7,1,0
BRDA:236,7,2,0
BRDA:247,8,0,0
BRDA:247,8,1,0
BRDA:247,9,0,0
BRDA:247,9,1,0
BRDA:247,9,2,0
BRDA:257,10,0,0
BRDA:257,10,1,0
BRDA:257,11,0,0
BRDA:257,11,1,0
BRDA:262,12,0,0
BRDA:262,12,1,0
BRDA:263,13,0,0
BRDA:263,13,1,0
BRDA:263,14,0,0
BRDA:263,14,1,0
BRDA:265,15,0,0
BRDA:265,15,1,0
BRDA:265,16,0,0
BRDA:265,16,1,0
BRDA:265,16,2,0
BRDA:270,17,0,0
BRDA:270,17,1,0
BRDA:274,18,0,0
BRDA:274,18,1,0
BRDA:274,19,0,0
BRDA:274,19,1,0
BRDA:281,20,0,0
BRDA:281,20,1,0
BRDA:303,21,0,0
BRDA:303,21,1,0
BRDA:303,21,2,0
BRF:76
BRH:0
end_of_record
TN:
SF:src/services/growthService.ts
FN:8,(anonymous_0)
FN:36,(anonymous_1)
FN:80,(anonymous_2)
FN:94,(anonymous_3)
FN:102,(anonymous_4)
FN:110,(anonymous_5)
FN:115,(anonymous_6)
FN:140,(anonymous_7)
FN:154,(anonymous_8)
FN:163,(anonymous_9)
FN:176,(anonymous_10)
FNF:11
FNH:9
FNDA:20,(anonymous_0)
FNDA:9,(anonymous_1)
FNDA:18,(anonymous_2)
FNDA:2,(anonymous_3)
FNDA:5,(anonymous_4)
FNDA:0,(anonymous_5)
FNDA:0,(anonymous_6)
FNDA:4,(anonymous_7)
FNDA:6,(anonymous_8)
FNDA:6,(anonymous_9)
FNDA:7,(anonymous_10)
DA:10,20
DA:22,20
DA:23,20
DA:25,20
DA:26,19
DA:30,1
DA:42,9
DA:43,9
DA:44,9
DA:47,9
DA:51,9
DA:54,9
DA:55,9
DA:57,9
DA:58,9
DA:59,9
DA:60,9
DA:63,9
DA:64,9
DA:66,9
DA:67,0
DA:70,9
DA:81,18
DA:82,0
DA:83,2
DA:84,3
DA:85,4
DA:86,6
DA:87,3
DA:95,2
DA:96,2
DA:103,5
DA:104,4
DA:115,0
DA:116,0
DA:118,0
DA:119,0
DA:120,0
DA:122,0
DA:123,0
DA:125,0
DA:126,0
DA:134,0
DA:141,4
DA:142,4
DA:144,4
DA:145,2
DA:146,1
DA:148,0
DA:155,6
DA:156,4
DA:157,2
DA:164,6
DA:177,7
LF:54
LH:41
BRDA:25,0,0,19
BRDA:25,0,1,1
BRDA:57,1,0,9
BRDA:57,1,1,0
BRDA:58,2,0,7
BRDA:58,2,1,2
BRDA:59,3,0,6
BRDA:59,3,1,3
BRDA:60,4,0,3
BRDA:60,4,1,6
BRDA:66,5,0,0
BRDA:66,5,1,9
BRDA:66,6,0,9
BRDA:66,6,1,3
BRDA:81,7,0,0
BRDA:81,7,1,2
BRDA:81,7,2,3
BRDA:81,7,3,4
BRDA:81,7,4,6
BRDA:81,7,5,3
BRDA:96,8,0,2
BRDA:96,8,1,1
BRDA:103,9,0,1
BRDA:103,9,1,4
BRDA:120,10,0,0
BRDA:120,10,1,0
BRDA:125,11,0,0
BRDA:125,11,1,0
BRDA:125,12,0,0
BRDA:125,12,1,0
BRDA:128,13,0,0
BRDA:128,13,1,0
BRDA:144,14,0,2
BRDA:144,14,1,2
BRDA:145,15,0,1
BRDA:145,15,1,1
BRDA:146,16,0,1
BRDA:146,16,1,0
BRDA:155,17,0,2
BRDA:155,17,1,4
BRDA:156,18,0,2
BRDA:156,18,1,2
BRDA:165,19,0,6
BRDA:165,19,1,5
BRDA:165,19,2,4
BRDA:165,19,3,3
BRDA:165,19,4,2
BRDA:178,20,0,7
BRDA:178,20,1,6
BRDA:178,20,2,5
BRDA:178,20,3,4
BRDA:178,20,4,3
BRDA:178,20,5,2
BRF:53
BRH:41
end_of_record
TN:
SF:src/services/timeCalculationService.ts
FN:8,(anonymous_0)
FN:22,(anonymous_1)
FN:39,(anonymous_2)
FN:50,(anonymous_3)
FN:72,(anonymous_4)
FNF:5
FNH:5
FNDA:20,(anonymous_0)
FNDA:12,(anonymous_1)
FNDA:2,(anonymous_2)
FNDA:5,(anonymous_3)
FNDA:3,(anonymous_4)
DA:10,20
DA:11,9
DA:14,9
DA:15,9
DA:16,9
DA:27,12
DA:28,5
DA:31,5
DA:32,5
DA:33,5
DA:44,2
DA:55,5
DA:57,2
DA:58,0
DA:61,2
DA:62,0
DA:63,0
DA:66,2
DA:73,3
DA:75,2
DA:76,0
DA:77,0
DA:80,2
LF:23
LH:18
BRDA:57,0,0,0
BRDA:57,0,1,2
BRDA:61,1,0,0
BRDA:61,1,1,2
BRDA:63,2,0,0
BRDA:63,2,1,0
BRDA:75,3,0,0
BRDA:75,3,1,2
BRDA:77,4,0,0
BRDA:77,4,1,0
BRF:10
BRH:3
end_of_record
TN:
SF:src/types/garden.ts
FNF:0
FNH:0
LF:0
LH:0
BRF:0
BRH:0
end_of_record
TN:
SF:src/utils/supabase.ts
FNF:0
FNH:0
DA:4,0
DA:5,0
DA:7,0
LF:3
LH:0
BRF:0
BRH:0
end_of_record
